<?xml version="1.0" encoding="utf-8"?><testsuites name="pytest tests"><testsuite name="pytest" errors="0" failures="0" skipped="0" tests="29" time="0.315" timestamp="2026-07-16T16:57:30.803374+00:00" hostname="agent-env-cba431d2-474c-4b3c-8ad3-a929fb18ea97"><testcase classname="backend.tests.test_heater_spec_updates" name="test_no_old_heater_strings[index.html0]" time="0.001" /><testcase classname="backend.tests.test_heater_spec_updates" name="test_no_old_heater_strings[build-static.js]" time="0.000" /><testcase classname="backend.tests.test_heater_spec_updates" name="test_no_old_heater_strings[index.html1]" time="0.001" /><testcase classname="backend.tests.test_heater_spec_updates" name="test_no_old_heater_strings[cr1/index.html]" time="0.008" /><testcase classname="backend.tests.test_heater_spec_updates" name="test_no_old_heater_strings[cr2/index.html]" time="0.001" /><testcase classname="backend.tests.test_heater_spec_updates" name="test_no_old_heater_strings[cr3/index.html]" time="0.001" /><testcase classname="backend.tests.test_heater_spec_updates" name="test_no_old_heater_strings[warranty/index.html]" time="0.001" /><testcase classname="backend.tests.test_heater_spec_updates" name="test_no_old_heater_strings[find-a-dealer/index.html]" time="0.001" /><testcase classname="backend.tests.test_heater_spec_updates" name="test_master_long_form_spec_tables_have_new_heater_row" time="0.000" /><testcase classname="backend.tests.test_heater_spec_updates" name="test_master_comparison_tables_have_new_heater_string" time="0.001" /><testcase classname="backend.tests.test_heater_spec_updates" name="test_master_hero_trust_pill" time="0.000" /><testcase classname="backend.tests.test_heater_spec_updates" name="test_master_spec_chips_count" time="0.000" /><testcase classname="backend.tests.test_heater_spec_updates" name="test_master_feature_cards_dual_voltage" time="0.000" /><testcase classname="backend.tests.test_heater_spec_updates" name="test_master_feature_subcopy_css_class_exists" time="0.000" /><testcase classname="backend.tests.test_heater_spec_updates" name="test_master_cr1_prose_description_updated" time="0.000" /><testcase classname="backend.tests.test_heater_spec_updates" name="test_build_static_cr1_description_and_heater_props" time="0.000" /><testcase classname="backend.tests.test_heater_spec_updates" name="test_prerendered_jsonld_product_heater_property[cr1/index.html]" time="0.001" /><testcase classname="backend.tests.test_heater_spec_updates" name="test_prerendered_jsonld_product_heater_property[cr2/index.html]" time="0.001" /><testcase classname="backend.tests.test_heater_spec_updates" name="test_prerendered_jsonld_product_heater_property[cr3/index.html]" time="0.001" /><testcase classname="backend.tests.test_heater_spec_updates" name="test_prerendered_offers_block_intact[cr1/index.html]" time="0.000" /><testcase classname="backend.tests.test_heater_spec_updates" name="test_prerendered_offers_block_intact[cr2/index.html]" time="0.000" /><testcase classname="backend.tests.test_heater_spec_updates" name="test_prerendered_offers_block_intact[cr3/index.html]" time="0.000" /><testcase classname="backend.tests.test_heater_spec_updates" name="test_sitemap_has_6_urls" time="0.000" /><testcase classname="backend.tests.test_heater_spec_updates" name="test_redirects_has_20_rules" time="0.000" /><testcase classname="backend.tests.test_heater_spec_updates" name="test_headers_has_15_blocks" time="0.000" /><testcase classname="backend.tests.test_heater_spec_updates" name="test_prerendered_pages_have_new_heater_row[cr1/index.html]" time="0.000" /><testcase classname="backend.tests.test_heater_spec_updates" name="test_prerendered_pages_have_new_heater_row[cr2/index.html]" time="0.000" /><testcase classname="backend.tests.test_heater_spec_updates" name="test_prerendered_pages_have_new_heater_row[cr3/index.html]" time="0.000" /><testcase classname="backend.tests.test_heater_spec_updates" name="test_preview_url_cr1_serves_updated_content" time="0.219" /></testsuite></testsuites>