<?xml version="1.0" encoding="utf-8"?><testsuites name="pytest tests"><testsuite name="pytest" errors="0" failures="0" skipped="0" tests="394" time="4.741" timestamp="2026-07-21T16:32:15.974000+00:00" hostname="agent-env-cba431d2-474c-4b3c-8ad3-a929fb18ea97"><testcase classname="backend.tests.test_content_updates.TestMasterIndexContent" name="test_cr1_new_dimension_format_present" time="0.001" /><testcase classname="backend.tests.test_content_updates.TestMasterIndexContent" name="test_cr2_dimension_preserved" time="0.000" /><testcase classname="backend.tests.test_content_updates.TestMasterIndexContent" name="test_cr3_new_dimension_format_present" time="0.000" /><testcase classname="backend.tests.test_content_updates.TestMasterIndexContent" name="test_no_old_cm_first_patterns" time="0.000" /><testcase classname="backend.tests.test_content_updates.TestMasterIndexContent" name="test_new_rotomold_faq_answer_present" time="0.000" /><testcase classname="backend.tests.test_content_updates.TestMasterIndexContent" name="test_old_rotomold_faq_answer_absent" time="0.000" /><testcase classname="backend.tests.test_content_updates.TestMasterIndexContent" name="test_faqpage_jsonld_contains_new_answer" time="0.001" /><testcase classname="backend.tests.test_content_updates.TestPreRenderedContent" name="test_cr1_new_dim_in_prerendered[index.html]" time="0.000" /><testcase classname="backend.tests.test_content_updates.TestPreRenderedContent" name="test_cr1_new_dim_in_prerendered[cr1/index.html]" time="0.001" /><testcase classname="backend.tests.test_content_updates.TestPreRenderedContent" name="test_cr1_new_dim_in_prerendered[cr2/index.html]" time="0.000" /><testcase classname="backend.tests.test_content_updates.TestPreRenderedContent" name="test_cr1_new_dim_in_prerendered[cr3/index.html]" time="0.000" /><testcase classname="backend.tests.test_content_updates.TestPreRenderedContent" name="test_cr1_new_dim_in_prerendered[warranty/index.html]" time="0.000" /><testcase classname="backend.tests.test_content_updates.TestPreRenderedContent" name="test_cr1_new_dim_in_prerendered[find-a-dealer/index.html]" time="0.000" /><testcase classname="backend.tests.test_content_updates.TestPreRenderedContent" name="test_cr2_preserved_in_prerendered[index.html]" time="0.000" /><testcase classname="backend.tests.test_content_updates.TestPreRenderedContent" name="test_cr2_preserved_in_prerendered[cr1/index.html]" time="0.000" /><testcase classname="backend.tests.test_content_updates.TestPreRenderedContent" name="test_cr2_preserved_in_prerendered[cr2/index.html]" time="0.000" /><testcase classname="backend.tests.test_content_updates.TestPreRenderedContent" name="test_cr2_preserved_in_prerendered[cr3/index.html]" time="0.000" /><testcase classname="backend.tests.test_content_updates.TestPreRenderedContent" name="test_cr2_preserved_in_prerendered[warranty/index.html]" time="0.000" /><testcase classname="backend.tests.test_content_updates.TestPreRenderedContent" name="test_cr2_preserved_in_prerendered[find-a-dealer/index.html]" time="0.000" /><testcase classname="backend.tests.test_content_updates.TestPreRenderedContent" name="test_cr3_new_dim_in_prerendered[index.html]" time="0.000" /><testcase classname="backend.tests.test_content_updates.TestPreRenderedContent" name="test_cr3_new_dim_in_prerendered[cr1/index.html]" time="0.000" /><testcase classname="backend.tests.test_content_updates.TestPreRenderedContent" name="test_cr3_new_dim_in_prerendered[cr2/index.html]" time="0.000" /><testcase classname="backend.tests.test_content_updates.TestPreRenderedContent" name="test_cr3_new_dim_in_prerendered[cr3/index.html]" time="0.000" /><testcase classname="backend.tests.test_content_updates.TestPreRenderedContent" name="test_cr3_new_dim_in_prerendered[warranty/index.html]" time="0.000" /><testcase classname="backend.tests.test_content_updates.TestPreRenderedContent" name="test_cr3_new_dim_in_prerendered[find-a-dealer/index.html]" time="0.000" /><testcase classname="backend.tests.test_content_updates.TestPreRenderedContent" name="test_no_old_cm_first_pattern_in_prerendered[index.html]" time="0.000" /><testcase classname="backend.tests.test_content_updates.TestPreRenderedContent" name="test_no_old_cm_first_pattern_in_prerendered[cr1/index.html]" time="0.000" /><testcase classname="backend.tests.test_content_updates.TestPreRenderedContent" name="test_no_old_cm_first_pattern_in_prerendered[cr2/index.html]" time="0.000" /><testcase classname="backend.tests.test_content_updates.TestPreRenderedContent" name="test_no_old_cm_first_pattern_in_prerendered[cr3/index.html]" time="0.000" /><testcase classname="backend.tests.test_content_updates.TestPreRenderedContent" name="test_no_old_cm_first_pattern_in_prerendered[warranty/index.html]" time="0.001" /><testcase classname="backend.tests.test_content_updates.TestPreRenderedContent" name="test_no_old_cm_first_pattern_in_prerendered[find-a-dealer/index.html]" time="0.000" /><testcase classname="backend.tests.test_content_updates.TestPreRenderedContent" name="test_new_rotomold_answer_in_prerendered[index.html]" time="0.000" /><testcase classname="backend.tests.test_content_updates.TestPreRenderedContent" name="test_new_rotomold_answer_in_prerendered[cr1/index.html]" time="0.000" /><testcase classname="backend.tests.test_content_updates.TestPreRenderedContent" name="test_new_rotomold_answer_in_prerendered[cr2/index.html]" time="0.000" /><testcase classname="backend.tests.test_content_updates.TestPreRenderedContent" name="test_new_rotomold_answer_in_prerendered[cr3/index.html]" time="0.000" /><testcase classname="backend.tests.test_content_updates.TestPreRenderedContent" name="test_new_rotomold_answer_in_prerendered[warranty/index.html]" time="0.000" /><testcase classname="backend.tests.test_content_updates.TestPreRenderedContent" name="test_new_rotomold_answer_in_prerendered[find-a-dealer/index.html]" time="0.000" /><testcase classname="backend.tests.test_content_updates.TestPreRenderedContent" name="test_old_rotomold_answer_absent_in_prerendered[index.html]" time="0.000" /><testcase classname="backend.tests.test_content_updates.TestPreRenderedContent" name="test_old_rotomold_answer_absent_in_prerendered[cr1/index.html]" time="0.000" /><testcase classname="backend.tests.test_content_updates.TestPreRenderedContent" name="test_old_rotomold_answer_absent_in_prerendered[cr2/index.html]" time="0.000" /><testcase classname="backend.tests.test_content_updates.TestPreRenderedContent" name="test_old_rotomold_answer_absent_in_prerendered[cr3/index.html]" time="0.000" /><testcase classname="backend.tests.test_content_updates.TestPreRenderedContent" name="test_old_rotomold_answer_absent_in_prerendered[warranty/index.html]" time="0.000" /><testcase classname="backend.tests.test_content_updates.TestPreRenderedContent" name="test_old_rotomold_answer_absent_in_prerendered[find-a-dealer/index.html]" time="0.000" /><testcase classname="backend.tests.test_content_updates.TestRegression" name="test_offers_block_still_present[cr1]" time="0.000" /><testcase classname="backend.tests.test_content_updates.TestRegression" name="test_offers_block_still_present[cr2]" time="0.000" /><testcase classname="backend.tests.test_content_updates.TestRegression" name="test_offers_block_still_present[cr3]" time="0.000" /><testcase classname="backend.tests.test_content_updates.TestRegression" name="test_redirects_has_20_rules" time="0.000" /><testcase classname="backend.tests.test_content_updates.TestRegression" name="test_headers_has_17_blocks" time="0.000" /><testcase classname="backend.tests.test_content_updates.TestPreviewServesUpdatedContent" name="test_preview_cr1_new_dim" time="0.156" /><testcase classname="backend.tests.test_content_updates.TestPreviewServesUpdatedContent" name="test_preview_cr3_new_dim" time="0.166" /><testcase classname="backend.tests.test_content_updates.TestPreviewServesUpdatedContent" name="test_preview_home_has_new_faq_answer" time="0.117" /><testcase classname="backend.tests.test_content_updates.TestPreviewServesUpdatedContent" name="test_preview_home_no_old_rotomold_text" time="0.103" /><testcase classname="backend.tests.test_content_updates.TestPreviewServesUpdatedContent" name="test_preview_home_no_old_cm_first" time="0.107" /><testcase classname="backend.tests.test_headers_file" name="test_headers_file_exists" time="0.052" /><testcase classname="backend.tests.test_headers_file" name="test_headers_file_nonempty" time="0.000" /><testcase classname="backend.tests.test_headers_file" name="test_paths_start_with_slash" time="0.000" /><testcase classname="backend.tests.test_headers_file" name="test_header_lines_have_exactly_two_space_indent" time="0.000" /><testcase classname="backend.tests.test_headers_file" name="test_blocks_separated_by_blank_lines" time="0.000" /><testcase classname="backend.tests.test_headers_file" name="test_cc_assets_block_exists" time="0.000" /><testcase classname="backend.tests.test_headers_file" name="test_cc_assets_has_long_cache" time="0.000" /><testcase classname="backend.tests.test_headers_file" name="test_html_glob_block_exists" time="0.000" /><testcase classname="backend.tests.test_headers_file" name="test_html_glob_has_short_cache" time="0.000" /><testcase classname="backend.tests.test_headers_file" name="test_root_path_block_exists" time="0.000" /><testcase classname="backend.tests.test_headers_file" name="test_root_path_has_short_cache" time="0.000" /><testcase classname="backend.tests.test_headers_file" name="test_slug_no_trailing_slash_block[cr1]" time="0.000" /><testcase classname="backend.tests.test_headers_file" name="test_slug_no_trailing_slash_block[cr2]" time="0.000" /><testcase classname="backend.tests.test_headers_file" name="test_slug_no_trailing_slash_block[cr3]" time="0.000" /><testcase classname="backend.tests.test_headers_file" name="test_slug_no_trailing_slash_block[warranty]" time="0.000" /><testcase classname="backend.tests.test_headers_file" name="test_slug_no_trailing_slash_block[find-a-dealer]" time="0.000" /><testcase classname="backend.tests.test_headers_file" name="test_slug_with_trailing_slash_block[cr1]" time="0.000" /><testcase classname="backend.tests.test_headers_file" name="test_slug_with_trailing_slash_block[cr2]" time="0.000" /><testcase classname="backend.tests.test_headers_file" name="test_slug_with_trailing_slash_block[cr3]" time="0.000" /><testcase classname="backend.tests.test_headers_file" name="test_slug_with_trailing_slash_block[warranty]" time="0.000" /><testcase classname="backend.tests.test_headers_file" name="test_slug_with_trailing_slash_block[find-a-dealer]" time="0.000" /><testcase classname="backend.tests.test_headers_file" name="test_sitemap_block_exists" time="0.000" /><testcase classname="backend.tests.test_headers_file" name="test_sitemap_cache_and_content_type" time="0.000" /><testcase classname="backend.tests.test_headers_file" name="test_robots_block_exists" time="0.000" /><testcase classname="backend.tests.test_headers_file" name="test_robots_cache_and_content_type" time="0.000" /><testcase classname="backend.tests.test_headers_file" name="test_expected_block_count" time="0.000" /><testcase classname="backend.tests.test_headers_file" name="test_redirects_still_has_20_rules" time="0.000" /><testcase classname="backend.tests.test_headers_file" name="test_redirects_301_before_200" time="0.000" /><testcase classname="backend.tests.test_headers_file" name="test_prerendered_html_still_has_offers[cr1]" time="0.001" /><testcase classname="backend.tests.test_headers_file" name="test_prerendered_html_still_has_offers[cr2]" time="0.001" /><testcase classname="backend.tests.test_headers_file" name="test_prerendered_html_still_has_offers[cr3]" time="0.001" /><testcase classname="backend.tests.test_headers_file" name="test_sitemap_still_has_6_urls" time="0.000" /><testcase classname="backend.tests.test_heater_spec_updates" name="test_no_old_heater_strings[index.html0]" time="0.001" /><testcase classname="backend.tests.test_heater_spec_updates" name="test_no_old_heater_strings[build-static.js]" time="0.000" /><testcase classname="backend.tests.test_heater_spec_updates" name="test_no_old_heater_strings[index.html1]" time="0.001" /><testcase classname="backend.tests.test_heater_spec_updates" name="test_no_old_heater_strings[cr1/index.html]" time="0.001" /><testcase classname="backend.tests.test_heater_spec_updates" name="test_no_old_heater_strings[cr2/index.html]" time="0.001" /><testcase classname="backend.tests.test_heater_spec_updates" name="test_no_old_heater_strings[cr3/index.html]" time="0.001" /><testcase classname="backend.tests.test_heater_spec_updates" name="test_no_old_heater_strings[warranty/index.html]" time="0.001" /><testcase classname="backend.tests.test_heater_spec_updates" name="test_no_old_heater_strings[find-a-dealer/index.html]" time="0.001" /><testcase classname="backend.tests.test_heater_spec_updates" name="test_master_long_form_spec_tables_have_new_heater_row" time="0.000" /><testcase classname="backend.tests.test_heater_spec_updates" name="test_master_comparison_tables_have_new_heater_string" time="0.001" /><testcase classname="backend.tests.test_heater_spec_updates" name="test_master_hero_trust_pill" time="0.000" /><testcase classname="backend.tests.test_heater_spec_updates" name="test_master_spec_chips_count" time="0.000" /><testcase classname="backend.tests.test_heater_spec_updates" name="test_master_feature_cards_dual_voltage" time="0.000" /><testcase classname="backend.tests.test_heater_spec_updates" name="test_master_feature_subcopy_css_class_exists" time="0.000" /><testcase classname="backend.tests.test_heater_spec_updates" name="test_master_cr1_prose_description_updated" time="0.000" /><testcase classname="backend.tests.test_heater_spec_updates" name="test_build_static_cr1_description_and_heater_props" time="0.000" /><testcase classname="backend.tests.test_heater_spec_updates" name="test_prerendered_jsonld_product_heater_property[cr1/index.html]" time="0.001" /><testcase classname="backend.tests.test_heater_spec_updates" name="test_prerendered_jsonld_product_heater_property[cr2/index.html]" time="0.001" /><testcase classname="backend.tests.test_heater_spec_updates" name="test_prerendered_jsonld_product_heater_property[cr3/index.html]" time="0.001" /><testcase classname="backend.tests.test_heater_spec_updates" name="test_prerendered_offers_block_intact[cr1/index.html]" time="0.000" /><testcase classname="backend.tests.test_heater_spec_updates" name="test_prerendered_offers_block_intact[cr2/index.html]" time="0.000" /><testcase classname="backend.tests.test_heater_spec_updates" name="test_prerendered_offers_block_intact[cr3/index.html]" time="0.000" /><testcase classname="backend.tests.test_heater_spec_updates" name="test_sitemap_has_6_urls" time="0.000" /><testcase classname="backend.tests.test_heater_spec_updates" name="test_redirects_has_20_rules" time="0.000" /><testcase classname="backend.tests.test_heater_spec_updates" name="test_headers_has_17_blocks" time="0.000" /><testcase classname="backend.tests.test_heater_spec_updates" name="test_prerendered_pages_have_new_heater_row[cr1/index.html]" time="0.000" /><testcase classname="backend.tests.test_heater_spec_updates" name="test_prerendered_pages_have_new_heater_row[cr2/index.html]" time="0.000" /><testcase classname="backend.tests.test_heater_spec_updates" name="test_prerendered_pages_have_new_heater_row[cr3/index.html]" time="0.001" /><testcase classname="backend.tests.test_heater_spec_updates" name="test_preview_url_cr1_serves_updated_content" time="0.108" /><testcase classname="backend.tests.test_jsonld_offers" name="test_product_has_offers_block[/cr1]" time="0.245" /><testcase classname="backend.tests.test_jsonld_offers" name="test_product_has_offers_block[/cr2]" time="0.000" /><testcase classname="backend.tests.test_jsonld_offers" name="test_product_has_offers_block[/cr3]" time="0.000" /><testcase classname="backend.tests.test_jsonld_offers" name="test_offers_structure[/cr1]" time="0.000" /><testcase classname="backend.tests.test_jsonld_offers" name="test_offers_structure[/cr2]" time="0.000" /><testcase classname="backend.tests.test_jsonld_offers" name="test_offers_structure[/cr3]" time="0.000" /><testcase classname="backend.tests.test_jsonld_offers" name="test_offers_priceSpecification[/cr1]" time="0.000" /><testcase classname="backend.tests.test_jsonld_offers" name="test_offers_priceSpecification[/cr2]" time="0.000" /><testcase classname="backend.tests.test_jsonld_offers" name="test_offers_priceSpecification[/cr3]" time="0.000" /><testcase classname="backend.tests.test_jsonld_offers" name="test_offers_seller[/cr1]" time="0.000" /><testcase classname="backend.tests.test_jsonld_offers" name="test_offers_seller[/cr2]" time="0.000" /><testcase classname="backend.tests.test_jsonld_offers" name="test_offers_seller[/cr3]" time="0.000" /><testcase classname="backend.tests.test_jsonld_offers" name="test_all_jsonld_blocks_parse[/cr1]" time="0.000" /><testcase classname="backend.tests.test_jsonld_offers" name="test_all_jsonld_blocks_parse[/cr2]" time="0.000" /><testcase classname="backend.tests.test_jsonld_offers" name="test_all_jsonld_blocks_parse[/cr3]" time="0.000" /><testcase classname="backend.tests.test_jsonld_offers" name="test_other_schemas_present[/cr1]" time="0.000" /><testcase classname="backend.tests.test_jsonld_offers" name="test_other_schemas_present[/cr2]" time="0.000" /><testcase classname="backend.tests.test_jsonld_offers" name="test_other_schemas_present[/cr3]" time="0.000" /><testcase classname="backend.tests.test_jsonld_offers" name="test_no_product_schema_on_non_product[/]" time="0.058" /><testcase classname="backend.tests.test_jsonld_offers" name="test_no_product_schema_on_non_product[/warranty]" time="0.054" /><testcase classname="backend.tests.test_jsonld_offers" name="test_no_product_schema_on_non_product[/find-a-dealer]" time="0.054" /><testcase classname="backend.tests.test_jsonld_offers" name="test_sitemap_ok" time="0.057" /><testcase classname="backend.tests.test_jsonld_offers" name="test_uppercase_redirect" time="0.110" /><testcase classname="backend.tests.test_llms_files.TestLlmsTxtCommonQuestions" name="test_starts_with_h1_and_blockquote" time="0.051" /><testcase classname="backend.tests.test_llms_files.TestLlmsTxtCommonQuestions" name="test_still_has_products_resources_key_facts" time="0.000" /><testcase classname="backend.tests.test_llms_files.TestLlmsTxtCommonQuestions" name="test_common_questions_header_present" time="0.000" /><testcase classname="backend.tests.test_llms_files.TestLlmsTxtCommonQuestions" name="test_common_questions_after_key_facts" time="0.000" /><testcase classname="backend.tests.test_llms_files.TestLlmsTxtCommonQuestions" name="test_each_common_question_present_as_bullet[Which hot tub is smallest? The CR1 at 69&quot; \xd7 60&quot; \xd7 30&quot;, seats 5.]" time="0.000" /><testcase classname="backend.tests.test_llms_files.TestLlmsTxtCommonQuestions" name="test_each_common_question_present_as_bullet[Which is largest? The CR2 at 81&quot; \xd7 81&quot; \xd7 32&quot;, seats 7.]" time="0.000" /><testcase classname="backend.tests.test_llms_files.TestLlmsTxtCommonQuestions" name="test_each_common_question_present_as_bullet[Which is round? The CR3 at 80&quot; \xd7 80&quot; \xd7 32&quot;, seats 6.]" time="0.000" /><testcase classname="backend.tests.test_llms_files.TestLlmsTxtCommonQuestions" name="test_each_common_question_present_as_bullet[What construction do all models use? Seamless rotomold polyethylene shell.]" time="0.000" /><testcase classname="backend.tests.test_llms_files.TestLlmsTxtCommonQuestions" name="test_each_common_question_present_as_bullet[What controls do all models use? Balboa (industry standard).]" time="0.000" /><testcase classname="backend.tests.test_llms_files.TestLlmsTxtCommonQuestions" name="test_each_common_question_present_as_bullet[What heater options are available? Dual-voltage 1kW (120V) or 4kW (240V) on all three models.]" time="0.000" /><testcase classname="backend.tests.test_llms_files.TestLlmsTxtCommonQuestions" name="test_each_common_question_present_as_bullet[How is California Cooperage sold? Through authorized dealer network across US and Canada.]" time="0.000" /><testcase classname="backend.tests.test_llms_files.TestLlmsTxtCommonQuestions" name="test_common_questions_in_exact_order" time="0.000" /><testcase classname="backend.tests.test_llms_files.TestLlmsTxtCommonQuestions" name="test_common_questions_has_exactly_7_bullets" time="0.000" /><testcase classname="backend.tests.test_llms_files.TestLlmsFullTxtFile" name="test_size_gt_4000_bytes" time="0.000" /><testcase classname="backend.tests.test_llms_files.TestLlmsFullTxtFile" name="test_starts_with_h1_full_content" time="0.000" /><testcase classname="backend.tests.test_llms_files.TestLlmsFullTxtFile" name="test_second_line_is_blockquote" time="0.000" /><testcase classname="backend.tests.test_llms_files.TestLlmsFullTxtFile" name="test_common_questions_section_present" time="0.000" /><testcase classname="backend.tests.test_llms_files.TestLlmsFullTxtFile" name="test_each_common_question_as_bullet[Which hot tub is smallest? The CR1 at 69&quot; \xd7 60&quot; \xd7 30&quot;, seats 5.]" time="0.000" /><testcase classname="backend.tests.test_llms_files.TestLlmsFullTxtFile" name="test_each_common_question_as_bullet[Which is largest? The CR2 at 81&quot; \xd7 81&quot; \xd7 32&quot;, seats 7.]" time="0.000" /><testcase classname="backend.tests.test_llms_files.TestLlmsFullTxtFile" name="test_each_common_question_as_bullet[Which is round? The CR3 at 80&quot; \xd7 80&quot; \xd7 32&quot;, seats 6.]" time="0.000" /><testcase classname="backend.tests.test_llms_files.TestLlmsFullTxtFile" name="test_each_common_question_as_bullet[What construction do all models use? Seamless rotomold polyethylene shell.]" time="0.000" /><testcase classname="backend.tests.test_llms_files.TestLlmsFullTxtFile" name="test_each_common_question_as_bullet[What controls do all models use? Balboa (industry standard).]" time="0.000" /><testcase classname="backend.tests.test_llms_files.TestLlmsFullTxtFile" name="test_each_common_question_as_bullet[What heater options are available? Dual-voltage 1kW (120V) or 4kW (240V) on all three models.]" time="0.000" /><testcase classname="backend.tests.test_llms_files.TestLlmsFullTxtFile" name="test_each_common_question_as_bullet[How is California Cooperage sold? Through authorized dealer network across US and Canada.]" time="0.000" /><testcase classname="backend.tests.test_llms_files.TestLlmsFullTxtFile" name="test_common_questions_before_first_route_section" time="0.000" /><testcase classname="backend.tests.test_llms_files.TestLlmsFullTxtFile" name="test_route_section_and_url_line_present[## California Cooperage\n-https://californiacooperagehottubs.com/]" time="0.000" /><testcase classname="backend.tests.test_llms_files.TestLlmsFullTxtFile" name="test_route_section_and_url_line_present[## CR1 Hot Tub\n-https://californiacooperagehottubs.com/cr1]" time="0.000" /><testcase classname="backend.tests.test_llms_files.TestLlmsFullTxtFile" name="test_route_section_and_url_line_present[## CR2 Hot Tub\n-https://californiacooperagehottubs.com/cr2]" time="0.000" /><testcase classname="backend.tests.test_llms_files.TestLlmsFullTxtFile" name="test_route_section_and_url_line_present[## CR3 Hot Tub\n-https://californiacooperagehottubs.com/cr3]" time="0.000" /><testcase classname="backend.tests.test_llms_files.TestLlmsFullTxtFile" name="test_route_section_and_url_line_present[## Warranty-https://californiacooperagehottubs.com/warranty]" time="0.000" /><testcase classname="backend.tests.test_llms_files.TestLlmsFullTxtFile" name="test_route_section_and_url_line_present[## Find a-https://californiacooperagehottubs.com/find-a-dealer]" time="0.000" /><testcase classname="backend.tests.test_llms_files.TestLlmsFullTxtFile" name="test_six_top_level_route_sections" time="0.000" /><testcase classname="backend.tests.test_llms_files.TestLlmsFullTxtFile" name="test_specifications_subsection_with_10plus_rows[CR1-## CR1 Hot Tub]" time="0.001" /><testcase classname="backend.tests.test_llms_files.TestLlmsFullTxtFile" name="test_specifications_subsection_with_10plus_rows[CR2-## CR2 Hot Tub]" time="0.000" /><testcase classname="backend.tests.test_llms_files.TestLlmsFullTxtFile" name="test_specifications_subsection_with_10plus_rows[CR3-## CR3 Hot Tub]" time="0.000" /><testcase classname="backend.tests.test_llms_files.TestLlmsFullTxtFile" name="test_cr1_specs_key_values" time="0.000" /><testcase classname="backend.tests.test_llms_files.TestLlmsFullTxtFile" name="test_cr2_specs_dimensions_row" time="0.000" /><testcase classname="backend.tests.test_llms_files.TestLlmsFullTxtFile" name="test_cr3_specs_dimensions_row" time="0.000" /><testcase classname="backend.tests.test_llms_files.TestLlmsFullTxtFile" name="test_faq_subsection_with_qa_pairs[## California Cooperage]" time="0.000" /><testcase classname="backend.tests.test_llms_files.TestLlmsFullTxtFile" name="test_faq_subsection_with_qa_pairs[## CR1 Hot Tub]" time="0.000" /><testcase classname="backend.tests.test_llms_files.TestLlmsFullTxtFile" name="test_faq_subsection_with_qa_pairs[## CR2 Hot Tub]" time="0.000" /><testcase classname="backend.tests.test_llms_files.TestLlmsFullTxtFile" name="test_faq_subsection_with_qa_pairs[## CR3 Hot Tub]" time="0.000" /><testcase classname="backend.tests.test_llms_files.TestLlmsFullTxtFile" name="test_home_faq_has_rotomold_answer" time="0.000" /><testcase classname="backend.tests.test_llms_files.TestLlmsFullTxtFile" name="test_no_html_entities" time="0.000" /><testcase classname="backend.tests.test_llms_files.TestLlmsFullTxtFile" name="test_no_html_tags_leak" time="0.000" /><testcase classname="backend.tests.test_llms_files.TestHeadersLlmsFullBlock" name="test_llms_full_block_present" time="0.000" /><testcase classname="backend.tests.test_llms_files.TestHeadersLlmsFullBlock" name="test_headers_now_has_17_path_directives" time="0.000" /><testcase classname="backend.tests.test_llms_files.TestHeadersLlmsFullBlock" name="test_llms_txt_block_still_present" time="0.000" /><testcase classname="backend.tests.test_llms_files.TestBuildIdempotency" name="test_llms_full_md5_stable_across_two_builds" time="0.100" /><testcase classname="backend.tests.test_llms_files.TestBuildIdempotency" name="test_llms_txt_untouched_across_two_builds" time="0.098" /><testcase classname="backend.tests.test_llms_files.TestLlmsFullLivePreview" name="test_status_200" time="0.121" /><testcase classname="backend.tests.test_llms_files.TestLlmsFullLivePreview" name="test_content_type_text_plain_utf8" time="0.125" /><testcase classname="backend.tests.test_llms_files.TestLlmsFullLivePreview" name="test_body_starts_with_full_content_h1" time="0.121" /><testcase classname="backend.tests.test_llms_files.TestLlmsFullLivePreview" name="test_body_has_common_questions" time="0.131" /><testcase classname="backend.tests.test_llms_files.TestLlmsTxtLivePreviewCommonQuestions" name="test_status_200" time="0.119" /><testcase classname="backend.tests.test_llms_files.TestLlmsTxtLivePreviewCommonQuestions" name="test_body_has_common_questions_section" time="0.114" /><testcase classname="backend.tests.test_llms_files.TestH1Regression" name="test_single_h1_per_page[index.html-California's Original Hot Tub]" time="0.001" /><testcase classname="backend.tests.test_llms_files.TestH1Regression" name="test_single_h1_per_page[cr1/index.html-CR1]" time="0.000" /><testcase classname="backend.tests.test_llms_files.TestH1Regression" name="test_single_h1_per_page[cr2/index.html-CR2]" time="0.000" /><testcase classname="backend.tests.test_llms_files.TestH1Regression" name="test_single_h1_per_page[cr3/index.html-CR3]" time="0.000" /><testcase classname="backend.tests.test_llms_files.TestH1Regression" name="test_single_h1_per_page[warranty/index.html-Warranty &amp;amp; Documentation]" time="0.000" /><testcase classname="backend.tests.test_llms_files.TestH1Regression" name="test_single_h1_per_page[find-a-dealer/index.html-Find a Dealer Near You]" time="0.000" /><testcase classname="backend.tests.test_meta_descriptions_and_llms.TestHomePreRendered" name="test_home_description_meta_exact" time="0.000" /><testcase classname="backend.tests.test_meta_descriptions_and_llms.TestHomePreRendered" name="test_home_description_length_in_bing_range" time="0.000" /><testcase classname="backend.tests.test_meta_descriptions_and_llms.TestHomePreRendered" name="test_home_og_description_matches" time="0.000" /><testcase classname="backend.tests.test_meta_descriptions_and_llms.TestHomePreRendered" name="test_home_twitter_description_matches" time="0.000" /><testcase classname="backend.tests.test_meta_descriptions_and_llms.TestHomePreRendered" name="test_home_no_old_long_description" time="0.000" /><testcase classname="backend.tests.test_meta_descriptions_and_llms.TestHomePreRendered" name="test_desc_by_page_map_has_new_home" time="0.000" /><testcase classname="backend.tests.test_meta_descriptions_and_llms.TestCr1PreRendered" name="test_cr1_description_meta_exact_decoded" time="0.000" /><testcase classname="backend.tests.test_meta_descriptions_and_llms.TestCr1PreRendered" name="test_cr1_description_length_in_bing_range" time="0.000" /><testcase classname="backend.tests.test_meta_descriptions_and_llms.TestCr1PreRendered" name="test_cr1_og_description_matches_decoded" time="0.000" /><testcase classname="backend.tests.test_meta_descriptions_and_llms.TestCr1PreRendered" name="test_cr1_twitter_description_matches_decoded" time="0.000" /><testcase classname="backend.tests.test_meta_descriptions_and_llms.TestCr1PreRendered" name="test_cr1_no_old_long_description" time="0.000" /><testcase classname="backend.tests.test_meta_descriptions_and_llms.TestSourceFiles" name="test_master_desc_map_has_new_cr1" time="0.000" /><testcase classname="backend.tests.test_meta_descriptions_and_llms.TestSourceFiles" name="test_build_static_routes_has_new_home_and_cr1" time="0.000" /><testcase classname="backend.tests.test_meta_descriptions_and_llms.TestUnchangedDescriptions" name="test_meta_description_unchanged[cr2/index.html-The CR2 is our 7-person flagship square hot tub]" time="0.000" /><testcase classname="backend.tests.test_meta_descriptions_and_llms.TestUnchangedDescriptions" name="test_meta_description_unchanged[cr3/index.html-The CR3 is a 6-person round hot tub]" time="0.000" /><testcase classname="backend.tests.test_meta_descriptions_and_llms.TestUnchangedDescriptions" name="test_meta_description_unchanged[warranty/index.html-California Cooperage warranty terms, spa care guides]" time="0.000" /><testcase classname="backend.tests.test_meta_descriptions_and_llms.TestUnchangedDescriptions" name="test_meta_description_unchanged[find-a-dealer/index.html-Locate an authorized California Cooperage dealer and request information]" time="0.000" /><testcase classname="backend.tests.test_meta_descriptions_and_llms.TestLlmsTxtFile" name="test_file_size_around_2400" time="0.000" /><testcase classname="backend.tests.test_meta_descriptions_and_llms.TestLlmsTxtFile" name="test_starts_with_h1" time="0.000" /><testcase classname="backend.tests.test_meta_descriptions_and_llms.TestLlmsTxtFile" name="test_second_line_blockquote" time="0.000" /><testcase classname="backend.tests.test_meta_descriptions_and_llms.TestLlmsTxtFile" name="test_products_section_with_three_links" time="0.000" /><testcase classname="backend.tests.test_meta_descriptions_and_llms.TestLlmsTxtFile" name="test_resources_section" time="0.000" /><testcase classname="backend.tests.test_meta_descriptions_and_llms.TestLlmsTxtFile" name="test_key_facts_section" time="0.000" /><testcase classname="backend.tests.test_meta_descriptions_and_llms.TestHeadersLlmsBlock" name="test_llms_txt_path_present" time="0.000" /><testcase classname="backend.tests.test_meta_descriptions_and_llms.TestHeadersLlmsBlock" name="test_llms_txt_cache_and_content_type" time="0.000" /><testcase classname="backend.tests.test_meta_descriptions_and_llms.TestHeadersLlmsBlock" name="test_headers_has_17_path_directives" time="0.000" /><testcase classname="backend.tests.test_meta_descriptions_and_llms.TestLlmsTxtLivePreview" name="test_preview_status_200" time="0.228" /><testcase classname="backend.tests.test_meta_descriptions_and_llms.TestLlmsTxtLivePreview" name="test_preview_content_type_text_plain_utf8" time="0.129" /><testcase classname="backend.tests.test_meta_descriptions_and_llms.TestLlmsTxtLivePreview" name="test_preview_body_starts_with_h1" time="0.116" /><testcase classname="backend.tests.test_meta_descriptions_and_llms.TestLlmsTxtLivePreview" name="test_preview_body_has_products_section" time="0.113" /><testcase classname="backend.tests.test_meta_descriptions_and_llms.TestBuildIdempotency" name="test_build_twice_no_error_and_llms_untouched" time="0.101" /><testcase classname="backend.tests.test_meta_descriptions_and_llms.TestBuildIdempotency" name="test_llms_txt_still_exists_after_build" time="0.000" /><testcase classname="backend.tests.test_meta_descriptions_and_llms.TestH1Regression" name="test_single_page_hero_h1[index.html-California's Original Hot Tub]" time="0.001" /><testcase classname="backend.tests.test_meta_descriptions_and_llms.TestH1Regression" name="test_single_page_hero_h1[cr1/index.html-CR1]" time="0.000" /><testcase classname="backend.tests.test_meta_descriptions_and_llms.TestH1Regression" name="test_single_page_hero_h1[cr2/index.html-CR2]" time="0.000" /><testcase classname="backend.tests.test_meta_descriptions_and_llms.TestH1Regression" name="test_single_page_hero_h1[cr3/index.html-CR3]" time="0.000" /><testcase classname="backend.tests.test_meta_descriptions_and_llms.TestH1Regression" name="test_single_page_hero_h1[warranty/index.html-Warranty &amp;amp; Documentation]" time="0.000" /><testcase classname="backend.tests.test_meta_descriptions_and_llms.TestH1Regression" name="test_single_page_hero_h1[find-a-dealer/index.html-Find a Dealer Near You]" time="0.000" /><testcase classname="backend.tests.test_meta_descriptions_and_llms.TestGeneralRegression" name="test_offers_once[cr1/index.html]" time="0.000" /><testcase classname="backend.tests.test_meta_descriptions_and_llms.TestGeneralRegression" name="test_offers_once[cr2/index.html]" time="0.000" /><testcase classname="backend.tests.test_meta_descriptions_and_llms.TestGeneralRegression" name="test_offers_once[cr3/index.html]" time="0.000" /><testcase classname="backend.tests.test_meta_descriptions_and_llms.TestGeneralRegression" name="test_redirects_20_rules" time="0.000" /><testcase classname="backend.tests.test_meta_descriptions_and_llms.TestGeneralRegression" name="test_sitemap_six_urls" time="0.000" /><testcase classname="backend.tests.test_meta_descriptions_and_llms.TestGeneralRegression" name="test_no_learn_more_anywhere" time="0.001" /><testcase classname="backend.tests.test_pid_urls.TestOldURLFragmentsAbsent" name="test_old_path_fragment_absent[/app/frontend/cr1/index.html]" time="0.000" /><testcase classname="backend.tests.test_pid_urls.TestOldURLFragmentsAbsent" name="test_old_path_fragment_absent[/app/frontend/cr2/index.html]" time="0.000" /><testcase classname="backend.tests.test_pid_urls.TestOldURLFragmentsAbsent" name="test_old_path_fragment_absent[/app/frontend/cr3/index.html]" time="0.000" /><testcase classname="backend.tests.test_pid_urls.TestOldURLFragmentsAbsent" name="test_old_path_fragment_absent[/app/frontend/index.html]" time="0.000" /><testcase classname="backend.tests.test_pid_urls.TestOldURLFragmentsAbsent" name="test_old_path_fragment_absent[/app/frontend/warranty/index.html]" time="0.000" /><testcase classname="backend.tests.test_pid_urls.TestOldURLFragmentsAbsent" name="test_old_path_fragment_absent[/app/frontend/find-a-dealer/index.html]" time="0.000" /><testcase classname="backend.tests.test_pid_urls.TestOldURLFragmentsAbsent" name="test_old_version_numbers_absent[1782931775-/app/frontend/cr1/index.html]" time="0.000" /><testcase classname="backend.tests.test_pid_urls.TestOldURLFragmentsAbsent" name="test_old_version_numbers_absent[1782931775-/app/frontend/cr2/index.html]" time="0.000" /><testcase classname="backend.tests.test_pid_urls.TestOldURLFragmentsAbsent" name="test_old_version_numbers_absent[1782931775-/app/frontend/cr3/index.html]" time="0.000" /><testcase classname="backend.tests.test_pid_urls.TestOldURLFragmentsAbsent" name="test_old_version_numbers_absent[1782931775-/app/frontend/index.html]" time="0.000" /><testcase classname="backend.tests.test_pid_urls.TestOldURLFragmentsAbsent" name="test_old_version_numbers_absent[1782931775-/app/frontend/warranty/index.html]" time="0.000" /><testcase classname="backend.tests.test_pid_urls.TestOldURLFragmentsAbsent" name="test_old_version_numbers_absent[1782931775-/app/frontend/find-a-dealer/index.html]" time="0.000" /><testcase classname="backend.tests.test_pid_urls.TestOldURLFragmentsAbsent" name="test_old_version_numbers_absent[1782931777-/app/frontend/cr1/index.html]" time="0.000" /><testcase classname="backend.tests.test_pid_urls.TestOldURLFragmentsAbsent" name="test_old_version_numbers_absent[1782931777-/app/frontend/cr2/index.html]" time="0.000" /><testcase classname="backend.tests.test_pid_urls.TestOldURLFragmentsAbsent" name="test_old_version_numbers_absent[1782931777-/app/frontend/cr3/index.html]" time="0.000" /><testcase classname="backend.tests.test_pid_urls.TestOldURLFragmentsAbsent" name="test_old_version_numbers_absent[1782931777-/app/frontend/index.html]" time="0.000" /><testcase classname="backend.tests.test_pid_urls.TestOldURLFragmentsAbsent" name="test_old_version_numbers_absent[1782931777-/app/frontend/warranty/index.html]" time="0.000" /><testcase classname="backend.tests.test_pid_urls.TestOldURLFragmentsAbsent" name="test_old_version_numbers_absent[1782931777-/app/frontend/find-a-dealer/index.html]" time="0.000" /><testcase classname="backend.tests.test_pid_urls.TestOldURLFragmentsAbsent" name="test_old_version_numbers_absent[1782931780-/app/frontend/cr1/index.html]" time="0.000" /><testcase classname="backend.tests.test_pid_urls.TestOldURLFragmentsAbsent" name="test_old_version_numbers_absent[1782931780-/app/frontend/cr2/index.html]" time="0.000" /><testcase classname="backend.tests.test_pid_urls.TestOldURLFragmentsAbsent" name="test_old_version_numbers_absent[1782931780-/app/frontend/cr3/index.html]" time="0.000" /><testcase classname="backend.tests.test_pid_urls.TestOldURLFragmentsAbsent" name="test_old_version_numbers_absent[1782931780-/app/frontend/index.html]" time="0.000" /><testcase classname="backend.tests.test_pid_urls.TestOldURLFragmentsAbsent" name="test_old_version_numbers_absent[1782931780-/app/frontend/warranty/index.html]" time="0.000" /><testcase classname="backend.tests.test_pid_urls.TestOldURLFragmentsAbsent" name="test_old_version_numbers_absent[1782931780-/app/frontend/find-a-dealer/index.html]" time="0.000" /><testcase classname="backend.tests.test_pid_urls.TestOldURLFragmentsAbsent" name="test_old_fragment_absent_repo_wide" time="0.042" /><testcase classname="backend.tests.test_pid_urls.TestNewURLsPresent" name="test_root_index_has_three_anchors_in_order" time="0.000" /><testcase classname="backend.tests.test_pid_urls.TestNewURLsPresent" name="test_prerendered_contains_all_three_urls[/app/frontend/cr1/index.html]" time="0.000" /><testcase classname="backend.tests.test_pid_urls.TestNewURLsPresent" name="test_prerendered_contains_all_three_urls[/app/frontend/cr2/index.html]" time="0.000" /><testcase classname="backend.tests.test_pid_urls.TestNewURLsPresent" name="test_prerendered_contains_all_three_urls[/app/frontend/cr3/index.html]" time="0.000" /><testcase classname="backend.tests.test_pid_urls.TestNewURLsPresent" name="test_prerendered_contains_all_three_urls[/app/frontend/index.html]" time="0.000" /><testcase classname="backend.tests.test_pid_urls.TestCloudinaryLive" name="test_url_returns_200[cr1-https://res.cloudinary.com/american-bath-group/image/upload/v1784556231/websites-product-info-and-content/california-cooperage/pid-sheets/california-cooperage-tech-datas-cr1.pdf]" time="0.110" /><testcase classname="backend.tests.test_pid_urls.TestCloudinaryLive" name="test_url_returns_200[cr2-https://res.cloudinary.com/american-bath-group/image/upload/v1784556219/websites-product-info-and-content/california-cooperage/pid-sheets/california-cooperage-tech-datas-cr2.pdf]" time="0.057" /><testcase classname="backend.tests.test_pid_urls.TestCloudinaryLive" name="test_url_returns_200[cr3-https://res.cloudinary.com/american-bath-group/image/upload/v1784556207/websites-product-info-and-content/california-cooperage/pid-sheets/california-cooperage-tech-datas-cr3.pdf]" time="0.057" /><testcase classname="backend.tests.test_pid_urls.TestRegression" name="test_offers_block_present[/app/frontend/cr1/index.html]" time="0.000" /><testcase classname="backend.tests.test_pid_urls.TestRegression" name="test_offers_block_present[/app/frontend/cr2/index.html]" time="0.000" /><testcase classname="backend.tests.test_pid_urls.TestRegression" name="test_offers_block_present[/app/frontend/cr3/index.html]" time="0.000" /><testcase classname="backend.tests.test_pid_urls.TestRegression" name="test_dimensions_inches_first[/app/frontend/cr1/index.html]" time="0.002" /><testcase classname="backend.tests.test_pid_urls.TestRegression" name="test_dimensions_inches_first[/app/frontend/cr2/index.html]" time="0.002" /><testcase classname="backend.tests.test_pid_urls.TestRegression" name="test_dimensions_inches_first[/app/frontend/cr3/index.html]" time="0.002" /><testcase classname="backend.tests.test_pid_urls.TestRegression" name="test_rotomold_faq_answer_unchanged[/app/frontend/cr1/index.html]" time="0.000" /><testcase classname="backend.tests.test_pid_urls.TestRegression" name="test_rotomold_faq_answer_unchanged[/app/frontend/cr2/index.html]" time="0.000" /><testcase classname="backend.tests.test_pid_urls.TestRegression" name="test_rotomold_faq_answer_unchanged[/app/frontend/cr3/index.html]" time="0.000" /><testcase classname="backend.tests.test_pid_urls.TestRegression" name="test_dual_voltage_heater_intact[/app/frontend/cr1/index.html]" time="0.000" /><testcase classname="backend.tests.test_pid_urls.TestRegression" name="test_dual_voltage_heater_intact[/app/frontend/cr2/index.html]" time="0.000" /><testcase classname="backend.tests.test_pid_urls.TestRegression" name="test_dual_voltage_heater_intact[/app/frontend/cr3/index.html]" time="0.000" /><testcase classname="backend.tests.test_pid_urls.TestRegression" name="test_redirects_has_20_rules" time="0.000" /><testcase classname="backend.tests.test_pid_urls.TestRegression" name="test_headers_has_17_blocks" time="0.000" /><testcase classname="backend.tests.test_pid_urls.TestRegression" name="test_sitemap_has_6_urls" time="0.000" /><testcase classname="backend.tests.test_pid_urls.TestPreviewLive" name="test_preview_route_serves_correct_pid_url[cr1-https://res.cloudinary.com/american-bath-group/image/upload/v1784556231/websites-product-info-and-content/california-cooperage/pid-sheets/california-cooperage-tech-datas-cr1.pdf]" time="0.339" /><testcase classname="backend.tests.test_pid_urls.TestPreviewLive" name="test_preview_route_serves_correct_pid_url[cr2-https://res.cloudinary.com/american-bath-group/image/upload/v1784556219/websites-product-info-and-content/california-cooperage/pid-sheets/california-cooperage-tech-datas-cr2.pdf]" time="0.248" /><testcase classname="backend.tests.test_pid_urls.TestPreviewLive" name="test_preview_route_serves_correct_pid_url[cr3-https://res.cloudinary.com/american-bath-group/image/upload/v1784556207/websites-product-info-and-content/california-cooperage/pid-sheets/california-cooperage-tech-datas-cr3.pdf]" time="0.209" /><testcase classname="backend.tests.test_redirects_file" name="test_redirects_file_exists" time="0.050" /><testcase classname="backend.tests.test_redirects_file" name="test_redirects_has_20_rules" time="0.000" /><testcase classname="backend.tests.test_redirects_file" name="test_redirects_trailing_newline" time="0.000" /><testcase classname="backend.tests.test_redirects_file" name="test_each_line_has_three_fields_double_space_separated" time="0.000" /><testcase classname="backend.tests.test_redirects_file" name="test_first_ten_lines_are_301_force_redirects" time="0.000" /><testcase classname="backend.tests.test_redirects_file" name="test_301_rules_cover_all_uppercase_slugs" time="0.000" /><testcase classname="backend.tests.test_redirects_file" name="test_301_rules_target_lowercase" time="0.000" /><testcase classname="backend.tests.test_redirects_file" name="test_last_ten_lines_are_200_rewrites" time="0.000" /><testcase classname="backend.tests.test_redirects_file" name="test_200_rewrites_cover_all_lowercase_slugs" time="0.000" /><testcase classname="backend.tests.test_redirects_file" name="test_301_rules_appear_before_200_rules" time="0.000" /><testcase classname="backend.tests.test_redirects_file" name="test_prerendered_html_has_offers_block[cr1]" time="0.001" /><testcase classname="backend.tests.test_redirects_file" name="test_prerendered_html_has_offers_block[cr2]" time="0.001" /><testcase classname="backend.tests.test_redirects_file" name="test_prerendered_html_has_offers_block[cr3]" time="0.000" /><testcase classname="backend.tests.test_redirects_file" name="test_sitemap_still_has_6_urls" time="0.000" /><testcase classname="backend.tests.test_redirects_file" name="test_no_comment_or_blank_junk_lines" time="0.000" /><testcase classname="backend.tests.test_redirects_file" name="test_force_flag_only_on_301_rules" time="0.000" /><testcase classname="backend.tests.test_seo_markup_fixes.TestBingMeta" name="test_bing_meta_present_exactly_once[home-index.html-California's Original Hot Tub]" time="0.001" /><testcase classname="backend.tests.test_seo_markup_fixes.TestBingMeta" name="test_bing_meta_present_exactly_once[cr1-cr1/index.html-CR1]" time="0.000" /><testcase classname="backend.tests.test_seo_markup_fixes.TestBingMeta" name="test_bing_meta_present_exactly_once[cr2-cr2/index.html-CR2]" time="0.000" /><testcase classname="backend.tests.test_seo_markup_fixes.TestBingMeta" name="test_bing_meta_present_exactly_once[cr3-cr3/index.html-CR3]" time="0.000" /><testcase classname="backend.tests.test_seo_markup_fixes.TestBingMeta" name="test_bing_meta_present_exactly_once[warranty-warranty/index.html-Warranty &amp;amp; Documentation]" time="0.000" /><testcase classname="backend.tests.test_seo_markup_fixes.TestBingMeta" name="test_bing_meta_present_exactly_once[find-a-dealer-find-a-dealer/index.html-Find a Dealer Near You]" time="0.000" /><testcase classname="backend.tests.test_seo_markup_fixes.TestBingMeta" name="test_bing_meta_before_description[home-index.html-California's Original Hot Tub]" time="0.000" /><testcase classname="backend.tests.test_seo_markup_fixes.TestBingMeta" name="test_bing_meta_before_description[cr1-cr1/index.html-CR1]" time="0.000" /><testcase classname="backend.tests.test_seo_markup_fixes.TestBingMeta" name="test_bing_meta_before_description[cr2-cr2/index.html-CR2]" time="0.000" /><testcase classname="backend.tests.test_seo_markup_fixes.TestBingMeta" name="test_bing_meta_before_description[cr3-cr3/index.html-CR3]" time="0.000" /><testcase classname="backend.tests.test_seo_markup_fixes.TestBingMeta" name="test_bing_meta_before_description[warranty-warranty/index.html-Warranty &amp;amp; Documentation]" time="0.000" /><testcase classname="backend.tests.test_seo_markup_fixes.TestBingMeta" name="test_bing_meta_before_description[find-a-dealer-find-a-dealer/index.html-Find a Dealer Near You]" time="0.000" /><testcase classname="backend.tests.test_seo_markup_fixes.TestBingMeta" name="test_bing_meta_inside_head[home-index.html-California's Original Hot Tub]" time="0.001" /><testcase classname="backend.tests.test_seo_markup_fixes.TestBingMeta" name="test_bing_meta_inside_head[cr1-cr1/index.html-CR1]" time="0.001" /><testcase classname="backend.tests.test_seo_markup_fixes.TestBingMeta" name="test_bing_meta_inside_head[cr2-cr2/index.html-CR2]" time="0.001" /><testcase classname="backend.tests.test_seo_markup_fixes.TestBingMeta" name="test_bing_meta_inside_head[cr3-cr3/index.html-CR3]" time="0.001" /><testcase classname="backend.tests.test_seo_markup_fixes.TestBingMeta" name="test_bing_meta_inside_head[warranty-warranty/index.html-Warranty &amp;amp; Documentation]" time="0.001" /><testcase classname="backend.tests.test_seo_markup_fixes.TestBingMeta" name="test_bing_meta_inside_head[find-a-dealer-find-a-dealer/index.html-Find a Dealer Near You]" time="0.001" /><testcase classname="backend.tests.test_seo_markup_fixes.TestSingleH1" name="test_exactly_one_h1_opener[home-index.html-California's Original Hot Tub]" time="0.001" /><testcase classname="backend.tests.test_seo_markup_fixes.TestSingleH1" name="test_exactly_one_h1_opener[cr1-cr1/index.html-CR1]" time="0.000" /><testcase classname="backend.tests.test_seo_markup_fixes.TestSingleH1" name="test_exactly_one_h1_opener[cr2-cr2/index.html-CR2]" time="0.000" /><testcase classname="backend.tests.test_seo_markup_fixes.TestSingleH1" name="test_exactly_one_h1_opener[cr3-cr3/index.html-CR3]" time="0.000" /><testcase classname="backend.tests.test_seo_markup_fixes.TestSingleH1" name="test_exactly_one_h1_opener[warranty-warranty/index.html-Warranty &amp;amp; Documentation]" time="0.000" /><testcase classname="backend.tests.test_seo_markup_fixes.TestSingleH1" name="test_exactly_one_h1_opener[find-a-dealer-find-a-dealer/index.html-Find a Dealer Near You]" time="0.000" /><testcase classname="backend.tests.test_seo_markup_fixes.TestSingleH1" name="test_active_hero_is_h1[home-index.html-California's Original Hot Tub]" time="0.000" /><testcase classname="backend.tests.test_seo_markup_fixes.TestSingleH1" name="test_active_hero_is_h1[cr1-cr1/index.html-CR1]" time="0.000" /><testcase classname="backend.tests.test_seo_markup_fixes.TestSingleH1" name="test_active_hero_is_h1[cr2-cr2/index.html-CR2]" time="0.000" /><testcase classname="backend.tests.test_seo_markup_fixes.TestSingleH1" name="test_active_hero_is_h1[cr3-cr3/index.html-CR3]" time="0.000" /><testcase classname="backend.tests.test_seo_markup_fixes.TestSingleH1" name="test_active_hero_is_h1[warranty-warranty/index.html-Warranty &amp;amp; Documentation]" time="0.000" /><testcase classname="backend.tests.test_seo_markup_fixes.TestSingleH1" name="test_active_hero_is_h1[find-a-dealer-find-a-dealer/index.html-Find a Dealer Near You]" time="0.000" /><testcase classname="backend.tests.test_seo_markup_fixes.TestSingleH1" name="test_inactive_heroes_demoted_to_h2[home-index.html-California's Original Hot Tub]" time="0.001" /><testcase classname="backend.tests.test_seo_markup_fixes.TestSingleH1" name="test_inactive_heroes_demoted_to_h2[cr1-cr1/index.html-CR1]" time="0.001" /><testcase classname="backend.tests.test_seo_markup_fixes.TestSingleH1" name="test_inactive_heroes_demoted_to_h2[cr2-cr2/index.html-CR2]" time="0.001" /><testcase classname="backend.tests.test_seo_markup_fixes.TestSingleH1" name="test_inactive_heroes_demoted_to_h2[cr3-cr3/index.html-CR3]" time="0.001" /><testcase classname="backend.tests.test_seo_markup_fixes.TestSingleH1" name="test_inactive_heroes_demoted_to_h2[warranty-warranty/index.html-Warranty &amp;amp; Documentation]" time="0.001" /><testcase classname="backend.tests.test_seo_markup_fixes.TestSingleH1" name="test_inactive_heroes_demoted_to_h2[find-a-dealer-find-a-dealer/index.html-Find a Dealer Near You]" time="0.001" /><testcase classname="backend.tests.test_seo_markup_fixes.TestDescriptiveAnchors" name="test_no_learn_more_text[home-index.html-California's Original Hot Tub]" time="0.000" /><testcase classname="backend.tests.test_seo_markup_fixes.TestDescriptiveAnchors" name="test_no_learn_more_text[cr1-cr1/index.html-CR1]" time="0.000" /><testcase classname="backend.tests.test_seo_markup_fixes.TestDescriptiveAnchors" name="test_no_learn_more_text[cr2-cr2/index.html-CR2]" time="0.000" /><testcase classname="backend.tests.test_seo_markup_fixes.TestDescriptiveAnchors" name="test_no_learn_more_text[cr3-cr3/index.html-CR3]" time="0.000" /><testcase classname="backend.tests.test_seo_markup_fixes.TestDescriptiveAnchors" name="test_no_learn_more_text[warranty-warranty/index.html-Warranty &amp;amp; Documentation]" time="0.000" /><testcase classname="backend.tests.test_seo_markup_fixes.TestDescriptiveAnchors" name="test_no_learn_more_text[find-a-dealer-find-a-dealer/index.html-Find a Dealer Near You]" time="0.000" /><testcase classname="backend.tests.test_seo_markup_fixes.TestDescriptiveAnchors" name="test_descriptive_anchor_present[cr1-Explore the CR1 5-person rectangular hot tub \u2192-home-index.html-California's Original Hot Tub]" time="0.001" /><testcase classname="backend.tests.test_seo_markup_fixes.TestDescriptiveAnchors" name="test_descriptive_anchor_present[cr1-Explore the CR1 5-person rectangular hot tub \u2192-cr1-cr1/index.html-CR1]" time="0.000" /><testcase classname="backend.tests.test_seo_markup_fixes.TestDescriptiveAnchors" name="test_descriptive_anchor_present[cr1-Explore the CR1 5-person rectangular hot tub \u2192-cr2-cr2/index.html-CR2]" time="0.000" /><testcase classname="backend.tests.test_seo_markup_fixes.TestDescriptiveAnchors" name="test_descriptive_anchor_present[cr1-Explore the CR1 5-person rectangular hot tub \u2192-cr3-cr3/index.html-CR3]" time="0.000" /><testcase classname="backend.tests.test_seo_markup_fixes.TestDescriptiveAnchors" name="test_descriptive_anchor_present[cr1-Explore the CR1 5-person rectangular hot tub \u2192-warranty-warranty/index.html-Warranty &amp;amp; Documentation]" time="0.000" /><testcase classname="backend.tests.test_seo_markup_fixes.TestDescriptiveAnchors" name="test_descriptive_anchor_present[cr1-Explore the CR1 5-person rectangular hot tub \u2192-find-a-dealer-find-a-dealer/index.html-Find a Dealer Near You]" time="0.000" /><testcase classname="backend.tests.test_seo_markup_fixes.TestDescriptiveAnchors" name="test_descriptive_anchor_present[cr2-Explore the CR2 7-person flagship square hot tub \u2192-home-index.html-California's Original Hot Tub]" time="0.001" /><testcase classname="backend.tests.test_seo_markup_fixes.TestDescriptiveAnchors" name="test_descriptive_anchor_present[cr2-Explore the CR2 7-person flagship square hot tub \u2192-cr1-cr1/index.html-CR1]" time="0.000" /><testcase classname="backend.tests.test_seo_markup_fixes.TestDescriptiveAnchors" name="test_descriptive_anchor_present[cr2-Explore the CR2 7-person flagship square hot tub \u2192-cr2-cr2/index.html-CR2]" time="0.000" /><testcase classname="backend.tests.test_seo_markup_fixes.TestDescriptiveAnchors" name="test_descriptive_anchor_present[cr2-Explore the CR2 7-person flagship square hot tub \u2192-cr3-cr3/index.html-CR3]" time="0.000" /><testcase classname="backend.tests.test_seo_markup_fixes.TestDescriptiveAnchors" name="test_descriptive_anchor_present[cr2-Explore the CR2 7-person flagship square hot tub \u2192-warranty-warranty/index.html-Warranty &amp;amp; Documentation]" time="0.000" /><testcase classname="backend.tests.test_seo_markup_fixes.TestDescriptiveAnchors" name="test_descriptive_anchor_present[cr2-Explore the CR2 7-person flagship square hot tub \u2192-find-a-dealer-find-a-dealer/index.html-Find a Dealer Near You]" time="0.000" /><testcase classname="backend.tests.test_seo_markup_fixes.TestDescriptiveAnchors" name="test_descriptive_anchor_present[cr3-Explore the CR3 6-person round hot tub \u2192-home-index.html-California's Original Hot Tub]" time="0.001" /><testcase classname="backend.tests.test_seo_markup_fixes.TestDescriptiveAnchors" name="test_descriptive_anchor_present[cr3-Explore the CR3 6-person round hot tub \u2192-cr1-cr1/index.html-CR1]" time="0.000" /><testcase classname="backend.tests.test_seo_markup_fixes.TestDescriptiveAnchors" name="test_descriptive_anchor_present[cr3-Explore the CR3 6-person round hot tub \u2192-cr2-cr2/index.html-CR2]" time="0.000" /><testcase classname="backend.tests.test_seo_markup_fixes.TestDescriptiveAnchors" name="test_descriptive_anchor_present[cr3-Explore the CR3 6-person round hot tub \u2192-cr3-cr3/index.html-CR3]" time="0.000" /><testcase classname="backend.tests.test_seo_markup_fixes.TestDescriptiveAnchors" name="test_descriptive_anchor_present[cr3-Explore the CR3 6-person round hot tub \u2192-warranty-warranty/index.html-Warranty &amp;amp; Documentation]" time="0.000" /><testcase classname="backend.tests.test_seo_markup_fixes.TestDescriptiveAnchors" name="test_descriptive_anchor_present[cr3-Explore the CR3 6-person round hot tub \u2192-find-a-dealer-find-a-dealer/index.html-Find a Dealer Near You]" time="0.000" /><testcase classname="backend.tests.test_seo_markup_fixes.TestRegressionPIDUrls" name="test_new_pid_version_present[cr1/index.html-v1784556231]" time="0.000" /><testcase classname="backend.tests.test_seo_markup_fixes.TestRegressionPIDUrls" name="test_new_pid_version_present[cr2/index.html-v1784556219]" time="0.000" /><testcase classname="backend.tests.test_seo_markup_fixes.TestRegressionPIDUrls" name="test_new_pid_version_present[cr3/index.html-v1784556207]" time="0.000" /><testcase classname="backend.tests.test_seo_markup_fixes.TestRegressionPIDUrls" name="test_old_pid_versions_absent[cr1/index.html-v1784556231]" time="0.001" /><testcase classname="backend.tests.test_seo_markup_fixes.TestRegressionPIDUrls" name="test_old_pid_versions_absent[cr2/index.html-v1784556219]" time="0.001" /><testcase classname="backend.tests.test_seo_markup_fixes.TestRegressionPIDUrls" name="test_old_pid_versions_absent[cr3/index.html-v1784556207]" time="0.001" /><testcase classname="backend.tests.test_seo_markup_fixes.TestRegressionJsonLd" name="test_offers_block_present_once[cr1]" time="0.000" /><testcase classname="backend.tests.test_seo_markup_fixes.TestRegressionJsonLd" name="test_offers_block_present_once[cr2]" time="0.000" /><testcase classname="backend.tests.test_seo_markup_fixes.TestRegressionJsonLd" name="test_offers_block_present_once[cr3]" time="0.000" /><testcase classname="backend.tests.test_seo_markup_fixes.TestRegressionJsonLd" name="test_jsonld_blocks_parseable[cr1]" time="0.000" /><testcase classname="backend.tests.test_seo_markup_fixes.TestRegressionJsonLd" name="test_jsonld_blocks_parseable[cr2]" time="0.000" /><testcase classname="backend.tests.test_seo_markup_fixes.TestRegressionJsonLd" name="test_jsonld_blocks_parseable[cr3]" time="0.000" /><testcase classname="backend.tests.test_seo_markup_fixes.TestRegressionContent" name="test_cr1_dimensions" time="0.000" /><testcase classname="backend.tests.test_seo_markup_fixes.TestRegressionContent" name="test_cr3_dimensions" time="0.000" /><testcase classname="backend.tests.test_seo_markup_fixes.TestRegressionContent" name="test_rotomold_faq_answer" time="0.000" /><testcase classname="backend.tests.test_seo_markup_fixes.TestRegressionContent" name="test_heater_strings[cr1]" time="0.000" /><testcase classname="backend.tests.test_seo_markup_fixes.TestRegressionContent" name="test_heater_strings[cr2]" time="0.000" /><testcase classname="backend.tests.test_seo_markup_fixes.TestRegressionContent" name="test_heater_strings[cr3]" time="0.000" /><testcase classname="backend.tests.test_seo_markup_fixes.TestRegressionContent" name="test_feature_subcopy_css" time="0.000" /><testcase classname="backend.tests.test_seo_markup_fixes.TestRegressionAncillary" name="test_redirects_20_rules" time="0.000" /><testcase classname="backend.tests.test_seo_markup_fixes.TestRegressionAncillary" name="test_headers_17_blocks" time="0.000" /><testcase classname="backend.tests.test_seo_markup_fixes.TestRegressionAncillary" name="test_sitemap_six_urls" time="0.000" /><testcase classname="backend.tests.test_seo_markup_fixes.TestLivePreview" name="test_preview_cr1" time="0.132" /><testcase classname="backend.tests.test_seo_markup_fixes.TestLivePreview" name="test_preview_home_has_descriptive_anchors" time="0.114" /></testsuite></testsuites>