<?xml version="1.0" encoding="utf-8"?><testsuites name="pytest tests"><testsuite name="pytest" errors="0" failures="0" skipped="0" tests="288" time="3.468" timestamp="2026-07-21T15:38:42.221959+00:00" hostname="agent-env-cba431d2-474c-4b3c-8ad3-a929fb18ea97"><testcase classname="backend.tests.test_content_updates.TestMasterIndexContent" name="test_cr1_new_dimension_format_present" time="0.001" /><testcase classname="backend.tests.test_content_updates.TestMasterIndexContent" name="test_cr2_dimension_preserved" time="0.000" /><testcase classname="backend.tests.test_content_updates.TestMasterIndexContent" name="test_cr3_new_dimension_format_present" time="0.000" /><testcase classname="backend.tests.test_content_updates.TestMasterIndexContent" name="test_no_old_cm_first_patterns" time="0.000" /><testcase classname="backend.tests.test_content_updates.TestMasterIndexContent" name="test_new_rotomold_faq_answer_present" time="0.000" /><testcase classname="backend.tests.test_content_updates.TestMasterIndexContent" name="test_old_rotomold_faq_answer_absent" time="0.000" /><testcase classname="backend.tests.test_content_updates.TestMasterIndexContent" name="test_faqpage_jsonld_contains_new_answer" time="0.001" /><testcase classname="backend.tests.test_content_updates.TestPreRenderedContent" name="test_cr1_new_dim_in_prerendered[index.html]" time="0.000" /><testcase classname="backend.tests.test_content_updates.TestPreRenderedContent" name="test_cr1_new_dim_in_prerendered[cr1/index.html]" time="0.000" /><testcase classname="backend.tests.test_content_updates.TestPreRenderedContent" name="test_cr1_new_dim_in_prerendered[cr2/index.html]" time="0.000" /><testcase classname="backend.tests.test_content_updates.TestPreRenderedContent" name="test_cr1_new_dim_in_prerendered[cr3/index.html]" time="0.000" /><testcase classname="backend.tests.test_content_updates.TestPreRenderedContent" name="test_cr1_new_dim_in_prerendered[warranty/index.html]" time="0.000" /><testcase classname="backend.tests.test_content_updates.TestPreRenderedContent" name="test_cr1_new_dim_in_prerendered[find-a-dealer/index.html]" time="0.000" /><testcase classname="backend.tests.test_content_updates.TestPreRenderedContent" name="test_cr2_preserved_in_prerendered[index.html]" time="0.000" /><testcase classname="backend.tests.test_content_updates.TestPreRenderedContent" name="test_cr2_preserved_in_prerendered[cr1/index.html]" time="0.000" /><testcase classname="backend.tests.test_content_updates.TestPreRenderedContent" name="test_cr2_preserved_in_prerendered[cr2/index.html]" time="0.000" /><testcase classname="backend.tests.test_content_updates.TestPreRenderedContent" name="test_cr2_preserved_in_prerendered[cr3/index.html]" time="0.001" /><testcase classname="backend.tests.test_content_updates.TestPreRenderedContent" name="test_cr2_preserved_in_prerendered[warranty/index.html]" time="0.000" /><testcase classname="backend.tests.test_content_updates.TestPreRenderedContent" name="test_cr2_preserved_in_prerendered[find-a-dealer/index.html]" time="0.000" /><testcase classname="backend.tests.test_content_updates.TestPreRenderedContent" name="test_cr3_new_dim_in_prerendered[index.html]" time="0.000" /><testcase classname="backend.tests.test_content_updates.TestPreRenderedContent" name="test_cr3_new_dim_in_prerendered[cr1/index.html]" time="0.000" /><testcase classname="backend.tests.test_content_updates.TestPreRenderedContent" name="test_cr3_new_dim_in_prerendered[cr2/index.html]" time="0.000" /><testcase classname="backend.tests.test_content_updates.TestPreRenderedContent" name="test_cr3_new_dim_in_prerendered[cr3/index.html]" time="0.000" /><testcase classname="backend.tests.test_content_updates.TestPreRenderedContent" name="test_cr3_new_dim_in_prerendered[warranty/index.html]" time="0.000" /><testcase classname="backend.tests.test_content_updates.TestPreRenderedContent" name="test_cr3_new_dim_in_prerendered[find-a-dealer/index.html]" time="0.000" /><testcase classname="backend.tests.test_content_updates.TestPreRenderedContent" name="test_no_old_cm_first_pattern_in_prerendered[index.html]" time="0.000" /><testcase classname="backend.tests.test_content_updates.TestPreRenderedContent" name="test_no_old_cm_first_pattern_in_prerendered[cr1/index.html]" time="0.000" /><testcase classname="backend.tests.test_content_updates.TestPreRenderedContent" name="test_no_old_cm_first_pattern_in_prerendered[cr2/index.html]" time="0.000" /><testcase classname="backend.tests.test_content_updates.TestPreRenderedContent" name="test_no_old_cm_first_pattern_in_prerendered[cr3/index.html]" time="0.000" /><testcase classname="backend.tests.test_content_updates.TestPreRenderedContent" name="test_no_old_cm_first_pattern_in_prerendered[warranty/index.html]" time="0.000" /><testcase classname="backend.tests.test_content_updates.TestPreRenderedContent" name="test_no_old_cm_first_pattern_in_prerendered[find-a-dealer/index.html]" time="0.000" /><testcase classname="backend.tests.test_content_updates.TestPreRenderedContent" name="test_new_rotomold_answer_in_prerendered[index.html]" time="0.000" /><testcase classname="backend.tests.test_content_updates.TestPreRenderedContent" name="test_new_rotomold_answer_in_prerendered[cr1/index.html]" time="0.000" /><testcase classname="backend.tests.test_content_updates.TestPreRenderedContent" name="test_new_rotomold_answer_in_prerendered[cr2/index.html]" time="0.000" /><testcase classname="backend.tests.test_content_updates.TestPreRenderedContent" name="test_new_rotomold_answer_in_prerendered[cr3/index.html]" time="0.000" /><testcase classname="backend.tests.test_content_updates.TestPreRenderedContent" name="test_new_rotomold_answer_in_prerendered[warranty/index.html]" time="0.000" /><testcase classname="backend.tests.test_content_updates.TestPreRenderedContent" name="test_new_rotomold_answer_in_prerendered[find-a-dealer/index.html]" time="0.000" /><testcase classname="backend.tests.test_content_updates.TestPreRenderedContent" name="test_old_rotomold_answer_absent_in_prerendered[index.html]" time="0.000" /><testcase classname="backend.tests.test_content_updates.TestPreRenderedContent" name="test_old_rotomold_answer_absent_in_prerendered[cr1/index.html]" time="0.000" /><testcase classname="backend.tests.test_content_updates.TestPreRenderedContent" name="test_old_rotomold_answer_absent_in_prerendered[cr2/index.html]" time="0.000" /><testcase classname="backend.tests.test_content_updates.TestPreRenderedContent" name="test_old_rotomold_answer_absent_in_prerendered[cr3/index.html]" time="0.000" /><testcase classname="backend.tests.test_content_updates.TestPreRenderedContent" name="test_old_rotomold_answer_absent_in_prerendered[warranty/index.html]" time="0.000" /><testcase classname="backend.tests.test_content_updates.TestPreRenderedContent" name="test_old_rotomold_answer_absent_in_prerendered[find-a-dealer/index.html]" time="0.000" /><testcase classname="backend.tests.test_content_updates.TestRegression" name="test_offers_block_still_present[cr1]" time="0.000" /><testcase classname="backend.tests.test_content_updates.TestRegression" name="test_offers_block_still_present[cr2]" time="0.000" /><testcase classname="backend.tests.test_content_updates.TestRegression" name="test_offers_block_still_present[cr3]" time="0.000" /><testcase classname="backend.tests.test_content_updates.TestRegression" name="test_redirects_has_20_rules" time="0.000" /><testcase classname="backend.tests.test_content_updates.TestRegression" name="test_headers_has_15_blocks" time="0.000" /><testcase classname="backend.tests.test_content_updates.TestPreviewServesUpdatedContent" name="test_preview_cr1_new_dim" time="0.193" /><testcase classname="backend.tests.test_content_updates.TestPreviewServesUpdatedContent" name="test_preview_cr3_new_dim" time="0.144" /><testcase classname="backend.tests.test_content_updates.TestPreviewServesUpdatedContent" name="test_preview_home_has_new_faq_answer" time="0.127" /><testcase classname="backend.tests.test_content_updates.TestPreviewServesUpdatedContent" name="test_preview_home_no_old_rotomold_text" time="0.244" /><testcase classname="backend.tests.test_content_updates.TestPreviewServesUpdatedContent" name="test_preview_home_no_old_cm_first" time="0.123" /><testcase classname="backend.tests.test_headers_file" name="test_headers_file_exists" time="0.051" /><testcase classname="backend.tests.test_headers_file" name="test_headers_file_nonempty" time="0.000" /><testcase classname="backend.tests.test_headers_file" name="test_paths_start_with_slash" time="0.000" /><testcase classname="backend.tests.test_headers_file" name="test_header_lines_have_exactly_two_space_indent" time="0.000" /><testcase classname="backend.tests.test_headers_file" name="test_blocks_separated_by_blank_lines" time="0.000" /><testcase classname="backend.tests.test_headers_file" name="test_cc_assets_block_exists" time="0.000" /><testcase classname="backend.tests.test_headers_file" name="test_cc_assets_has_long_cache" time="0.000" /><testcase classname="backend.tests.test_headers_file" name="test_html_glob_block_exists" time="0.000" /><testcase classname="backend.tests.test_headers_file" name="test_html_glob_has_short_cache" time="0.000" /><testcase classname="backend.tests.test_headers_file" name="test_root_path_block_exists" time="0.000" /><testcase classname="backend.tests.test_headers_file" name="test_root_path_has_short_cache" time="0.000" /><testcase classname="backend.tests.test_headers_file" name="test_slug_no_trailing_slash_block[cr1]" time="0.000" /><testcase classname="backend.tests.test_headers_file" name="test_slug_no_trailing_slash_block[cr2]" time="0.000" /><testcase classname="backend.tests.test_headers_file" name="test_slug_no_trailing_slash_block[cr3]" time="0.000" /><testcase classname="backend.tests.test_headers_file" name="test_slug_no_trailing_slash_block[warranty]" time="0.000" /><testcase classname="backend.tests.test_headers_file" name="test_slug_no_trailing_slash_block[find-a-dealer]" time="0.000" /><testcase classname="backend.tests.test_headers_file" name="test_slug_with_trailing_slash_block[cr1]" time="0.000" /><testcase classname="backend.tests.test_headers_file" name="test_slug_with_trailing_slash_block[cr2]" time="0.000" /><testcase classname="backend.tests.test_headers_file" name="test_slug_with_trailing_slash_block[cr3]" time="0.000" /><testcase classname="backend.tests.test_headers_file" name="test_slug_with_trailing_slash_block[warranty]" time="0.000" /><testcase classname="backend.tests.test_headers_file" name="test_slug_with_trailing_slash_block[find-a-dealer]" time="0.000" /><testcase classname="backend.tests.test_headers_file" name="test_sitemap_block_exists" time="0.000" /><testcase classname="backend.tests.test_headers_file" name="test_sitemap_cache_and_content_type" time="0.000" /><testcase classname="backend.tests.test_headers_file" name="test_robots_block_exists" time="0.000" /><testcase classname="backend.tests.test_headers_file" name="test_robots_cache_and_content_type" time="0.000" /><testcase classname="backend.tests.test_headers_file" name="test_expected_block_count" time="0.000" /><testcase classname="backend.tests.test_headers_file" name="test_redirects_still_has_20_rules" time="0.000" /><testcase classname="backend.tests.test_headers_file" name="test_redirects_301_before_200" time="0.000" /><testcase classname="backend.tests.test_headers_file" name="test_prerendered_html_still_has_offers[cr1]" time="0.001" /><testcase classname="backend.tests.test_headers_file" name="test_prerendered_html_still_has_offers[cr2]" time="0.001" /><testcase classname="backend.tests.test_headers_file" name="test_prerendered_html_still_has_offers[cr3]" time="0.001" /><testcase classname="backend.tests.test_headers_file" name="test_sitemap_still_has_6_urls" time="0.000" /><testcase classname="backend.tests.test_heater_spec_updates" name="test_no_old_heater_strings[index.html0]" time="0.001" /><testcase classname="backend.tests.test_heater_spec_updates" name="test_no_old_heater_strings[build-static.js]" time="0.000" /><testcase classname="backend.tests.test_heater_spec_updates" name="test_no_old_heater_strings[index.html1]" time="0.001" /><testcase classname="backend.tests.test_heater_spec_updates" name="test_no_old_heater_strings[cr1/index.html]" time="0.001" /><testcase classname="backend.tests.test_heater_spec_updates" name="test_no_old_heater_strings[cr2/index.html]" time="0.001" /><testcase classname="backend.tests.test_heater_spec_updates" name="test_no_old_heater_strings[cr3/index.html]" time="0.001" /><testcase classname="backend.tests.test_heater_spec_updates" name="test_no_old_heater_strings[warranty/index.html]" time="0.001" /><testcase classname="backend.tests.test_heater_spec_updates" name="test_no_old_heater_strings[find-a-dealer/index.html]" time="0.001" /><testcase classname="backend.tests.test_heater_spec_updates" name="test_master_long_form_spec_tables_have_new_heater_row" time="0.000" /><testcase classname="backend.tests.test_heater_spec_updates" name="test_master_comparison_tables_have_new_heater_string" time="0.001" /><testcase classname="backend.tests.test_heater_spec_updates" name="test_master_hero_trust_pill" time="0.000" /><testcase classname="backend.tests.test_heater_spec_updates" name="test_master_spec_chips_count" time="0.000" /><testcase classname="backend.tests.test_heater_spec_updates" name="test_master_feature_cards_dual_voltage" time="0.000" /><testcase classname="backend.tests.test_heater_spec_updates" name="test_master_feature_subcopy_css_class_exists" time="0.000" /><testcase classname="backend.tests.test_heater_spec_updates" name="test_master_cr1_prose_description_updated" time="0.000" /><testcase classname="backend.tests.test_heater_spec_updates" name="test_build_static_cr1_description_and_heater_props" time="0.000" /><testcase classname="backend.tests.test_heater_spec_updates" name="test_prerendered_jsonld_product_heater_property[cr1/index.html]" time="0.001" /><testcase classname="backend.tests.test_heater_spec_updates" name="test_prerendered_jsonld_product_heater_property[cr2/index.html]" time="0.001" /><testcase classname="backend.tests.test_heater_spec_updates" name="test_prerendered_jsonld_product_heater_property[cr3/index.html]" time="0.001" /><testcase classname="backend.tests.test_heater_spec_updates" name="test_prerendered_offers_block_intact[cr1/index.html]" time="0.000" /><testcase classname="backend.tests.test_heater_spec_updates" name="test_prerendered_offers_block_intact[cr2/index.html]" time="0.000" /><testcase classname="backend.tests.test_heater_spec_updates" name="test_prerendered_offers_block_intact[cr3/index.html]" time="0.000" /><testcase classname="backend.tests.test_heater_spec_updates" name="test_sitemap_has_6_urls" time="0.000" /><testcase classname="backend.tests.test_heater_spec_updates" name="test_redirects_has_20_rules" time="0.000" /><testcase classname="backend.tests.test_heater_spec_updates" name="test_headers_has_15_blocks" time="0.000" /><testcase classname="backend.tests.test_heater_spec_updates" name="test_prerendered_pages_have_new_heater_row[cr1/index.html]" time="0.000" /><testcase classname="backend.tests.test_heater_spec_updates" name="test_prerendered_pages_have_new_heater_row[cr2/index.html]" time="0.000" /><testcase classname="backend.tests.test_heater_spec_updates" name="test_prerendered_pages_have_new_heater_row[cr3/index.html]" time="0.001" /><testcase classname="backend.tests.test_heater_spec_updates" name="test_preview_url_cr1_serves_updated_content" time="0.250" /><testcase classname="backend.tests.test_jsonld_offers" name="test_product_has_offers_block[/cr1]" time="0.278" /><testcase classname="backend.tests.test_jsonld_offers" name="test_product_has_offers_block[/cr2]" time="0.000" /><testcase classname="backend.tests.test_jsonld_offers" name="test_product_has_offers_block[/cr3]" time="0.000" /><testcase classname="backend.tests.test_jsonld_offers" name="test_offers_structure[/cr1]" time="0.000" /><testcase classname="backend.tests.test_jsonld_offers" name="test_offers_structure[/cr2]" time="0.000" /><testcase classname="backend.tests.test_jsonld_offers" name="test_offers_structure[/cr3]" time="0.000" /><testcase classname="backend.tests.test_jsonld_offers" name="test_offers_priceSpecification[/cr1]" time="0.000" /><testcase classname="backend.tests.test_jsonld_offers" name="test_offers_priceSpecification[/cr2]" time="0.000" /><testcase classname="backend.tests.test_jsonld_offers" name="test_offers_priceSpecification[/cr3]" time="0.000" /><testcase classname="backend.tests.test_jsonld_offers" name="test_offers_seller[/cr1]" time="0.000" /><testcase classname="backend.tests.test_jsonld_offers" name="test_offers_seller[/cr2]" time="0.000" /><testcase classname="backend.tests.test_jsonld_offers" name="test_offers_seller[/cr3]" time="0.000" /><testcase classname="backend.tests.test_jsonld_offers" name="test_all_jsonld_blocks_parse[/cr1]" time="0.000" /><testcase classname="backend.tests.test_jsonld_offers" name="test_all_jsonld_blocks_parse[/cr2]" time="0.000" /><testcase classname="backend.tests.test_jsonld_offers" name="test_all_jsonld_blocks_parse[/cr3]" time="0.000" /><testcase classname="backend.tests.test_jsonld_offers" name="test_other_schemas_present[/cr1]" time="0.000" /><testcase classname="backend.tests.test_jsonld_offers" name="test_other_schemas_present[/cr2]" time="0.000" /><testcase classname="backend.tests.test_jsonld_offers" name="test_other_schemas_present[/cr3]" time="0.000" /><testcase classname="backend.tests.test_jsonld_offers" name="test_no_product_schema_on_non_product[/]" time="0.076" /><testcase classname="backend.tests.test_jsonld_offers" name="test_no_product_schema_on_non_product[/warranty]" time="0.074" /><testcase classname="backend.tests.test_jsonld_offers" name="test_no_product_schema_on_non_product[/find-a-dealer]" time="0.077" /><testcase classname="backend.tests.test_jsonld_offers" name="test_sitemap_ok" time="0.061" /><testcase classname="backend.tests.test_jsonld_offers" name="test_uppercase_redirect" time="0.137" /><testcase classname="backend.tests.test_pid_urls.TestOldURLFragmentsAbsent" name="test_old_path_fragment_absent[/app/frontend/cr1/index.html]" time="0.001" /><testcase classname="backend.tests.test_pid_urls.TestOldURLFragmentsAbsent" name="test_old_path_fragment_absent[/app/frontend/cr2/index.html]" time="0.000" /><testcase classname="backend.tests.test_pid_urls.TestOldURLFragmentsAbsent" name="test_old_path_fragment_absent[/app/frontend/cr3/index.html]" time="0.000" /><testcase classname="backend.tests.test_pid_urls.TestOldURLFragmentsAbsent" name="test_old_path_fragment_absent[/app/frontend/index.html]" time="0.000" /><testcase classname="backend.tests.test_pid_urls.TestOldURLFragmentsAbsent" name="test_old_path_fragment_absent[/app/frontend/warranty/index.html]" time="0.000" /><testcase classname="backend.tests.test_pid_urls.TestOldURLFragmentsAbsent" name="test_old_path_fragment_absent[/app/frontend/find-a-dealer/index.html]" time="0.000" /><testcase classname="backend.tests.test_pid_urls.TestOldURLFragmentsAbsent" name="test_old_version_numbers_absent[1782931775-/app/frontend/cr1/index.html]" time="0.000" /><testcase classname="backend.tests.test_pid_urls.TestOldURLFragmentsAbsent" name="test_old_version_numbers_absent[1782931775-/app/frontend/cr2/index.html]" time="0.000" /><testcase classname="backend.tests.test_pid_urls.TestOldURLFragmentsAbsent" name="test_old_version_numbers_absent[1782931775-/app/frontend/cr3/index.html]" time="0.000" /><testcase classname="backend.tests.test_pid_urls.TestOldURLFragmentsAbsent" name="test_old_version_numbers_absent[1782931775-/app/frontend/index.html]" time="0.000" /><testcase classname="backend.tests.test_pid_urls.TestOldURLFragmentsAbsent" name="test_old_version_numbers_absent[1782931775-/app/frontend/warranty/index.html]" time="0.000" /><testcase classname="backend.tests.test_pid_urls.TestOldURLFragmentsAbsent" name="test_old_version_numbers_absent[1782931775-/app/frontend/find-a-dealer/index.html]" time="0.000" /><testcase classname="backend.tests.test_pid_urls.TestOldURLFragmentsAbsent" name="test_old_version_numbers_absent[1782931777-/app/frontend/cr1/index.html]" time="0.000" /><testcase classname="backend.tests.test_pid_urls.TestOldURLFragmentsAbsent" name="test_old_version_numbers_absent[1782931777-/app/frontend/cr2/index.html]" time="0.000" /><testcase classname="backend.tests.test_pid_urls.TestOldURLFragmentsAbsent" name="test_old_version_numbers_absent[1782931777-/app/frontend/cr3/index.html]" time="0.000" /><testcase classname="backend.tests.test_pid_urls.TestOldURLFragmentsAbsent" name="test_old_version_numbers_absent[1782931777-/app/frontend/index.html]" time="0.000" /><testcase classname="backend.tests.test_pid_urls.TestOldURLFragmentsAbsent" name="test_old_version_numbers_absent[1782931777-/app/frontend/warranty/index.html]" time="0.000" /><testcase classname="backend.tests.test_pid_urls.TestOldURLFragmentsAbsent" name="test_old_version_numbers_absent[1782931777-/app/frontend/find-a-dealer/index.html]" time="0.000" /><testcase classname="backend.tests.test_pid_urls.TestOldURLFragmentsAbsent" name="test_old_version_numbers_absent[1782931780-/app/frontend/cr1/index.html]" time="0.000" /><testcase classname="backend.tests.test_pid_urls.TestOldURLFragmentsAbsent" name="test_old_version_numbers_absent[1782931780-/app/frontend/cr2/index.html]" time="0.000" /><testcase classname="backend.tests.test_pid_urls.TestOldURLFragmentsAbsent" name="test_old_version_numbers_absent[1782931780-/app/frontend/cr3/index.html]" time="0.000" /><testcase classname="backend.tests.test_pid_urls.TestOldURLFragmentsAbsent" name="test_old_version_numbers_absent[1782931780-/app/frontend/index.html]" time="0.000" /><testcase classname="backend.tests.test_pid_urls.TestOldURLFragmentsAbsent" name="test_old_version_numbers_absent[1782931780-/app/frontend/warranty/index.html]" time="0.000" /><testcase classname="backend.tests.test_pid_urls.TestOldURLFragmentsAbsent" name="test_old_version_numbers_absent[1782931780-/app/frontend/find-a-dealer/index.html]" time="0.000" /><testcase classname="backend.tests.test_pid_urls.TestOldURLFragmentsAbsent" name="test_old_fragment_absent_repo_wide" time="0.042" /><testcase classname="backend.tests.test_pid_urls.TestNewURLsPresent" name="test_root_index_has_three_anchors_in_order" time="0.000" /><testcase classname="backend.tests.test_pid_urls.TestNewURLsPresent" name="test_prerendered_contains_all_three_urls[/app/frontend/cr1/index.html]" time="0.000" /><testcase classname="backend.tests.test_pid_urls.TestNewURLsPresent" name="test_prerendered_contains_all_three_urls[/app/frontend/cr2/index.html]" time="0.000" /><testcase classname="backend.tests.test_pid_urls.TestNewURLsPresent" name="test_prerendered_contains_all_three_urls[/app/frontend/cr3/index.html]" time="0.000" /><testcase classname="backend.tests.test_pid_urls.TestNewURLsPresent" name="test_prerendered_contains_all_three_urls[/app/frontend/index.html]" time="0.000" /><testcase classname="backend.tests.test_pid_urls.TestCloudinaryLive" name="test_url_returns_200[cr1-https://res.cloudinary.com/american-bath-group/image/upload/v1784556231/websites-product-info-and-content/california-cooperage/pid-sheets/california-cooperage-tech-datas-cr1.pdf]" time="0.115" /><testcase classname="backend.tests.test_pid_urls.TestCloudinaryLive" name="test_url_returns_200[cr2-https://res.cloudinary.com/american-bath-group/image/upload/v1784556219/websites-product-info-and-content/california-cooperage/pid-sheets/california-cooperage-tech-datas-cr2.pdf]" time="0.079" /><testcase classname="backend.tests.test_pid_urls.TestCloudinaryLive" name="test_url_returns_200[cr3-https://res.cloudinary.com/american-bath-group/image/upload/v1784556207/websites-product-info-and-content/california-cooperage/pid-sheets/california-cooperage-tech-datas-cr3.pdf]" time="0.085" /><testcase classname="backend.tests.test_pid_urls.TestRegression" name="test_offers_block_present[/app/frontend/cr1/index.html]" time="0.000" /><testcase classname="backend.tests.test_pid_urls.TestRegression" name="test_offers_block_present[/app/frontend/cr2/index.html]" time="0.000" /><testcase classname="backend.tests.test_pid_urls.TestRegression" name="test_offers_block_present[/app/frontend/cr3/index.html]" time="0.000" /><testcase classname="backend.tests.test_pid_urls.TestRegression" name="test_dimensions_inches_first[/app/frontend/cr1/index.html]" time="0.002" /><testcase classname="backend.tests.test_pid_urls.TestRegression" name="test_dimensions_inches_first[/app/frontend/cr2/index.html]" time="0.002" /><testcase classname="backend.tests.test_pid_urls.TestRegression" name="test_dimensions_inches_first[/app/frontend/cr3/index.html]" time="0.002" /><testcase classname="backend.tests.test_pid_urls.TestRegression" name="test_rotomold_faq_answer_unchanged[/app/frontend/cr1/index.html]" time="0.000" /><testcase classname="backend.tests.test_pid_urls.TestRegression" name="test_rotomold_faq_answer_unchanged[/app/frontend/cr2/index.html]" time="0.000" /><testcase classname="backend.tests.test_pid_urls.TestRegression" name="test_rotomold_faq_answer_unchanged[/app/frontend/cr3/index.html]" time="0.000" /><testcase classname="backend.tests.test_pid_urls.TestRegression" name="test_dual_voltage_heater_intact[/app/frontend/cr1/index.html]" time="0.000" /><testcase classname="backend.tests.test_pid_urls.TestRegression" name="test_dual_voltage_heater_intact[/app/frontend/cr2/index.html]" time="0.000" /><testcase classname="backend.tests.test_pid_urls.TestRegression" name="test_dual_voltage_heater_intact[/app/frontend/cr3/index.html]" time="0.000" /><testcase classname="backend.tests.test_pid_urls.TestRegression" name="test_redirects_has_20_rules" time="0.000" /><testcase classname="backend.tests.test_pid_urls.TestRegression" name="test_headers_has_15_blocks" time="0.000" /><testcase classname="backend.tests.test_pid_urls.TestRegression" name="test_sitemap_has_6_urls" time="0.000" /><testcase classname="backend.tests.test_pid_urls.TestPreviewLive" name="test_preview_route_serves_correct_pid_url[cr1-https://res.cloudinary.com/american-bath-group/image/upload/v1784556231/websites-product-info-and-content/california-cooperage/pid-sheets/california-cooperage-tech-datas-cr1.pdf]" time="0.329" /><testcase classname="backend.tests.test_pid_urls.TestPreviewLive" name="test_preview_route_serves_correct_pid_url[cr2-https://res.cloudinary.com/american-bath-group/image/upload/v1784556219/websites-product-info-and-content/california-cooperage/pid-sheets/california-cooperage-tech-datas-cr2.pdf]" time="0.151" /><testcase classname="backend.tests.test_pid_urls.TestPreviewLive" name="test_preview_route_serves_correct_pid_url[cr3-https://res.cloudinary.com/american-bath-group/image/upload/v1784556207/websites-product-info-and-content/california-cooperage/pid-sheets/california-cooperage-tech-datas-cr3.pdf]" time="0.217" /><testcase classname="backend.tests.test_redirects_file" name="test_redirects_file_exists" time="0.050" /><testcase classname="backend.tests.test_redirects_file" name="test_redirects_has_20_rules" time="0.000" /><testcase classname="backend.tests.test_redirects_file" name="test_redirects_trailing_newline" time="0.000" /><testcase classname="backend.tests.test_redirects_file" name="test_each_line_has_three_fields_double_space_separated" time="0.000" /><testcase classname="backend.tests.test_redirects_file" name="test_first_ten_lines_are_301_force_redirects" time="0.000" /><testcase classname="backend.tests.test_redirects_file" name="test_301_rules_cover_all_uppercase_slugs" time="0.000" /><testcase classname="backend.tests.test_redirects_file" name="test_301_rules_target_lowercase" time="0.000" /><testcase classname="backend.tests.test_redirects_file" name="test_last_ten_lines_are_200_rewrites" time="0.000" /><testcase classname="backend.tests.test_redirects_file" name="test_200_rewrites_cover_all_lowercase_slugs" time="0.000" /><testcase classname="backend.tests.test_redirects_file" name="test_301_rules_appear_before_200_rules" time="0.000" /><testcase classname="backend.tests.test_redirects_file" name="test_prerendered_html_has_offers_block[cr1]" time="0.001" /><testcase classname="backend.tests.test_redirects_file" name="test_prerendered_html_has_offers_block[cr2]" time="0.001" /><testcase classname="backend.tests.test_redirects_file" name="test_prerendered_html_has_offers_block[cr3]" time="0.000" /><testcase classname="backend.tests.test_redirects_file" name="test_sitemap_still_has_6_urls" time="0.000" /><testcase classname="backend.tests.test_redirects_file" name="test_no_comment_or_blank_junk_lines" time="0.000" /><testcase classname="backend.tests.test_redirects_file" name="test_force_flag_only_on_301_rules" time="0.000" /><testcase classname="backend.tests.test_seo_markup_fixes.TestBingMeta" name="test_bing_meta_present_exactly_once[home-index.html-California's Original Hot Tub]" time="0.001" /><testcase classname="backend.tests.test_seo_markup_fixes.TestBingMeta" name="test_bing_meta_present_exactly_once[cr1-cr1/index.html-CR1]" time="0.000" /><testcase classname="backend.tests.test_seo_markup_fixes.TestBingMeta" name="test_bing_meta_present_exactly_once[cr2-cr2/index.html-CR2]" time="0.000" /><testcase classname="backend.tests.test_seo_markup_fixes.TestBingMeta" name="test_bing_meta_present_exactly_once[cr3-cr3/index.html-CR3]" time="0.000" /><testcase classname="backend.tests.test_seo_markup_fixes.TestBingMeta" name="test_bing_meta_present_exactly_once[warranty-warranty/index.html-Warranty &amp;amp; Documentation]" time="0.000" /><testcase classname="backend.tests.test_seo_markup_fixes.TestBingMeta" name="test_bing_meta_present_exactly_once[find-a-dealer-find-a-dealer/index.html-Find a Dealer Near You]" time="0.000" /><testcase classname="backend.tests.test_seo_markup_fixes.TestBingMeta" name="test_bing_meta_before_description[home-index.html-California's Original Hot Tub]" time="0.000" /><testcase classname="backend.tests.test_seo_markup_fixes.TestBingMeta" name="test_bing_meta_before_description[cr1-cr1/index.html-CR1]" time="0.000" /><testcase classname="backend.tests.test_seo_markup_fixes.TestBingMeta" name="test_bing_meta_before_description[cr2-cr2/index.html-CR2]" time="0.000" /><testcase classname="backend.tests.test_seo_markup_fixes.TestBingMeta" name="test_bing_meta_before_description[cr3-cr3/index.html-CR3]" time="0.000" /><testcase classname="backend.tests.test_seo_markup_fixes.TestBingMeta" name="test_bing_meta_before_description[warranty-warranty/index.html-Warranty &amp;amp; Documentation]" time="0.000" /><testcase classname="backend.tests.test_seo_markup_fixes.TestBingMeta" name="test_bing_meta_before_description[find-a-dealer-find-a-dealer/index.html-Find a Dealer Near You]" time="0.000" /><testcase classname="backend.tests.test_seo_markup_fixes.TestBingMeta" name="test_bing_meta_inside_head[home-index.html-California's Original Hot Tub]" time="0.001" /><testcase classname="backend.tests.test_seo_markup_fixes.TestBingMeta" name="test_bing_meta_inside_head[cr1-cr1/index.html-CR1]" time="0.001" /><testcase classname="backend.tests.test_seo_markup_fixes.TestBingMeta" name="test_bing_meta_inside_head[cr2-cr2/index.html-CR2]" time="0.001" /><testcase classname="backend.tests.test_seo_markup_fixes.TestBingMeta" name="test_bing_meta_inside_head[cr3-cr3/index.html-CR3]" time="0.001" /><testcase classname="backend.tests.test_seo_markup_fixes.TestBingMeta" name="test_bing_meta_inside_head[warranty-warranty/index.html-Warranty &amp;amp; Documentation]" time="0.001" /><testcase classname="backend.tests.test_seo_markup_fixes.TestBingMeta" name="test_bing_meta_inside_head[find-a-dealer-find-a-dealer/index.html-Find a Dealer Near You]" time="0.001" /><testcase classname="backend.tests.test_seo_markup_fixes.TestSingleH1" name="test_exactly_one_h1_opener[home-index.html-California's Original Hot Tub]" time="0.001" /><testcase classname="backend.tests.test_seo_markup_fixes.TestSingleH1" name="test_exactly_one_h1_opener[cr1-cr1/index.html-CR1]" time="0.000" /><testcase classname="backend.tests.test_seo_markup_fixes.TestSingleH1" name="test_exactly_one_h1_opener[cr2-cr2/index.html-CR2]" time="0.000" /><testcase classname="backend.tests.test_seo_markup_fixes.TestSingleH1" name="test_exactly_one_h1_opener[cr3-cr3/index.html-CR3]" time="0.000" /><testcase classname="backend.tests.test_seo_markup_fixes.TestSingleH1" name="test_exactly_one_h1_opener[warranty-warranty/index.html-Warranty &amp;amp; Documentation]" time="0.000" /><testcase classname="backend.tests.test_seo_markup_fixes.TestSingleH1" name="test_exactly_one_h1_opener[find-a-dealer-find-a-dealer/index.html-Find a Dealer Near You]" time="0.000" /><testcase classname="backend.tests.test_seo_markup_fixes.TestSingleH1" name="test_active_hero_is_h1[home-index.html-California's Original Hot Tub]" time="0.000" /><testcase classname="backend.tests.test_seo_markup_fixes.TestSingleH1" name="test_active_hero_is_h1[cr1-cr1/index.html-CR1]" time="0.000" /><testcase classname="backend.tests.test_seo_markup_fixes.TestSingleH1" name="test_active_hero_is_h1[cr2-cr2/index.html-CR2]" time="0.000" /><testcase classname="backend.tests.test_seo_markup_fixes.TestSingleH1" name="test_active_hero_is_h1[cr3-cr3/index.html-CR3]" time="0.000" /><testcase classname="backend.tests.test_seo_markup_fixes.TestSingleH1" name="test_active_hero_is_h1[warranty-warranty/index.html-Warranty &amp;amp; Documentation]" time="0.000" /><testcase classname="backend.tests.test_seo_markup_fixes.TestSingleH1" name="test_active_hero_is_h1[find-a-dealer-find-a-dealer/index.html-Find a Dealer Near You]" time="0.000" /><testcase classname="backend.tests.test_seo_markup_fixes.TestSingleH1" name="test_inactive_heroes_demoted_to_h2[home-index.html-California's Original Hot Tub]" time="0.001" /><testcase classname="backend.tests.test_seo_markup_fixes.TestSingleH1" name="test_inactive_heroes_demoted_to_h2[cr1-cr1/index.html-CR1]" time="0.001" /><testcase classname="backend.tests.test_seo_markup_fixes.TestSingleH1" name="test_inactive_heroes_demoted_to_h2[cr2-cr2/index.html-CR2]" time="0.001" /><testcase classname="backend.tests.test_seo_markup_fixes.TestSingleH1" name="test_inactive_heroes_demoted_to_h2[cr3-cr3/index.html-CR3]" time="0.001" /><testcase classname="backend.tests.test_seo_markup_fixes.TestSingleH1" name="test_inactive_heroes_demoted_to_h2[warranty-warranty/index.html-Warranty &amp;amp; Documentation]" time="0.001" /><testcase classname="backend.tests.test_seo_markup_fixes.TestSingleH1" name="test_inactive_heroes_demoted_to_h2[find-a-dealer-find-a-dealer/index.html-Find a Dealer Near You]" time="0.001" /><testcase classname="backend.tests.test_seo_markup_fixes.TestDescriptiveAnchors" name="test_no_learn_more_text[home-index.html-California's Original Hot Tub]" time="0.000" /><testcase classname="backend.tests.test_seo_markup_fixes.TestDescriptiveAnchors" name="test_no_learn_more_text[cr1-cr1/index.html-CR1]" time="0.000" /><testcase classname="backend.tests.test_seo_markup_fixes.TestDescriptiveAnchors" name="test_no_learn_more_text[cr2-cr2/index.html-CR2]" time="0.000" /><testcase classname="backend.tests.test_seo_markup_fixes.TestDescriptiveAnchors" name="test_no_learn_more_text[cr3-cr3/index.html-CR3]" time="0.000" /><testcase classname="backend.tests.test_seo_markup_fixes.TestDescriptiveAnchors" name="test_no_learn_more_text[warranty-warranty/index.html-Warranty &amp;amp; Documentation]" time="0.000" /><testcase classname="backend.tests.test_seo_markup_fixes.TestDescriptiveAnchors" name="test_no_learn_more_text[find-a-dealer-find-a-dealer/index.html-Find a Dealer Near You]" time="0.000" /><testcase classname="backend.tests.test_seo_markup_fixes.TestDescriptiveAnchors" name="test_descriptive_anchor_present[cr1-Explore the CR1 5-person rectangular hot tub \u2192-home-index.html-California's Original Hot Tub]" time="0.001" /><testcase classname="backend.tests.test_seo_markup_fixes.TestDescriptiveAnchors" name="test_descriptive_anchor_present[cr1-Explore the CR1 5-person rectangular hot tub \u2192-cr1-cr1/index.html-CR1]" time="0.000" /><testcase classname="backend.tests.test_seo_markup_fixes.TestDescriptiveAnchors" name="test_descriptive_anchor_present[cr1-Explore the CR1 5-person rectangular hot tub \u2192-cr2-cr2/index.html-CR2]" time="0.000" /><testcase classname="backend.tests.test_seo_markup_fixes.TestDescriptiveAnchors" name="test_descriptive_anchor_present[cr1-Explore the CR1 5-person rectangular hot tub \u2192-cr3-cr3/index.html-CR3]" time="0.000" /><testcase classname="backend.tests.test_seo_markup_fixes.TestDescriptiveAnchors" name="test_descriptive_anchor_present[cr1-Explore the CR1 5-person rectangular hot tub \u2192-warranty-warranty/index.html-Warranty &amp;amp; Documentation]" time="0.000" /><testcase classname="backend.tests.test_seo_markup_fixes.TestDescriptiveAnchors" name="test_descriptive_anchor_present[cr1-Explore the CR1 5-person rectangular hot tub \u2192-find-a-dealer-find-a-dealer/index.html-Find a Dealer Near You]" time="0.000" /><testcase classname="backend.tests.test_seo_markup_fixes.TestDescriptiveAnchors" name="test_descriptive_anchor_present[cr2-Explore the CR2 7-person flagship square hot tub \u2192-home-index.html-California's Original Hot Tub]" time="0.001" /><testcase classname="backend.tests.test_seo_markup_fixes.TestDescriptiveAnchors" name="test_descriptive_anchor_present[cr2-Explore the CR2 7-person flagship square hot tub \u2192-cr1-cr1/index.html-CR1]" time="0.000" /><testcase classname="backend.tests.test_seo_markup_fixes.TestDescriptiveAnchors" name="test_descriptive_anchor_present[cr2-Explore the CR2 7-person flagship square hot tub \u2192-cr2-cr2/index.html-CR2]" time="0.000" /><testcase classname="backend.tests.test_seo_markup_fixes.TestDescriptiveAnchors" name="test_descriptive_anchor_present[cr2-Explore the CR2 7-person flagship square hot tub \u2192-cr3-cr3/index.html-CR3]" time="0.000" /><testcase classname="backend.tests.test_seo_markup_fixes.TestDescriptiveAnchors" name="test_descriptive_anchor_present[cr2-Explore the CR2 7-person flagship square hot tub \u2192-warranty-warranty/index.html-Warranty &amp;amp; Documentation]" time="0.000" /><testcase classname="backend.tests.test_seo_markup_fixes.TestDescriptiveAnchors" name="test_descriptive_anchor_present[cr2-Explore the CR2 7-person flagship square hot tub \u2192-find-a-dealer-find-a-dealer/index.html-Find a Dealer Near You]" time="0.000" /><testcase classname="backend.tests.test_seo_markup_fixes.TestDescriptiveAnchors" name="test_descriptive_anchor_present[cr3-Explore the CR3 6-person round hot tub \u2192-home-index.html-California's Original Hot Tub]" time="0.001" /><testcase classname="backend.tests.test_seo_markup_fixes.TestDescriptiveAnchors" name="test_descriptive_anchor_present[cr3-Explore the CR3 6-person round hot tub \u2192-cr1-cr1/index.html-CR1]" time="0.000" /><testcase classname="backend.tests.test_seo_markup_fixes.TestDescriptiveAnchors" name="test_descriptive_anchor_present[cr3-Explore the CR3 6-person round hot tub \u2192-cr2-cr2/index.html-CR2]" time="0.000" /><testcase classname="backend.tests.test_seo_markup_fixes.TestDescriptiveAnchors" name="test_descriptive_anchor_present[cr3-Explore the CR3 6-person round hot tub \u2192-cr3-cr3/index.html-CR3]" time="0.000" /><testcase classname="backend.tests.test_seo_markup_fixes.TestDescriptiveAnchors" name="test_descriptive_anchor_present[cr3-Explore the CR3 6-person round hot tub \u2192-warranty-warranty/index.html-Warranty &amp;amp; Documentation]" time="0.000" /><testcase classname="backend.tests.test_seo_markup_fixes.TestDescriptiveAnchors" name="test_descriptive_anchor_present[cr3-Explore the CR3 6-person round hot tub \u2192-find-a-dealer-find-a-dealer/index.html-Find a Dealer Near You]" time="0.000" /><testcase classname="backend.tests.test_seo_markup_fixes.TestRegressionPIDUrls" name="test_new_pid_version_present[cr1/index.html-v1784556231]" time="0.000" /><testcase classname="backend.tests.test_seo_markup_fixes.TestRegressionPIDUrls" name="test_new_pid_version_present[cr2/index.html-v1784556219]" time="0.000" /><testcase classname="backend.tests.test_seo_markup_fixes.TestRegressionPIDUrls" name="test_new_pid_version_present[cr3/index.html-v1784556207]" time="0.000" /><testcase classname="backend.tests.test_seo_markup_fixes.TestRegressionPIDUrls" name="test_old_pid_versions_absent[cr1/index.html-v1784556231]" time="0.001" /><testcase classname="backend.tests.test_seo_markup_fixes.TestRegressionPIDUrls" name="test_old_pid_versions_absent[cr2/index.html-v1784556219]" time="0.001" /><testcase classname="backend.tests.test_seo_markup_fixes.TestRegressionPIDUrls" name="test_old_pid_versions_absent[cr3/index.html-v1784556207]" time="0.001" /><testcase classname="backend.tests.test_seo_markup_fixes.TestRegressionJsonLd" name="test_offers_block_present_once[cr1]" time="0.000" /><testcase classname="backend.tests.test_seo_markup_fixes.TestRegressionJsonLd" name="test_offers_block_present_once[cr2]" time="0.000" /><testcase classname="backend.tests.test_seo_markup_fixes.TestRegressionJsonLd" name="test_offers_block_present_once[cr3]" time="0.000" /><testcase classname="backend.tests.test_seo_markup_fixes.TestRegressionJsonLd" name="test_jsonld_blocks_parseable[cr1]" time="0.000" /><testcase classname="backend.tests.test_seo_markup_fixes.TestRegressionJsonLd" name="test_jsonld_blocks_parseable[cr2]" time="0.000" /><testcase classname="backend.tests.test_seo_markup_fixes.TestRegressionJsonLd" name="test_jsonld_blocks_parseable[cr3]" time="0.000" /><testcase classname="backend.tests.test_seo_markup_fixes.TestRegressionContent" name="test_cr1_dimensions" time="0.000" /><testcase classname="backend.tests.test_seo_markup_fixes.TestRegressionContent" name="test_cr3_dimensions" time="0.000" /><testcase classname="backend.tests.test_seo_markup_fixes.TestRegressionContent" name="test_rotomold_faq_answer" time="0.000" /><testcase classname="backend.tests.test_seo_markup_fixes.TestRegressionContent" name="test_heater_strings[cr1]" time="0.000" /><testcase classname="backend.tests.test_seo_markup_fixes.TestRegressionContent" name="test_heater_strings[cr2]" time="0.000" /><testcase classname="backend.tests.test_seo_markup_fixes.TestRegressionContent" name="test_heater_strings[cr3]" time="0.000" /><testcase classname="backend.tests.test_seo_markup_fixes.TestRegressionContent" name="test_feature_subcopy_css" time="0.000" /><testcase classname="backend.tests.test_seo_markup_fixes.TestRegressionAncillary" name="test_redirects_20_rules" time="0.000" /><testcase classname="backend.tests.test_seo_markup_fixes.TestRegressionAncillary" name="test_headers_15_blocks" time="0.000" /><testcase classname="backend.tests.test_seo_markup_fixes.TestRegressionAncillary" name="test_sitemap_six_urls" time="0.000" /><testcase classname="backend.tests.test_seo_markup_fixes.TestLivePreview" name="test_preview_cr1" time="0.169" /><testcase classname="backend.tests.test_seo_markup_fixes.TestLivePreview" name="test_preview_home_has_descriptive_anchors" time="0.123" /></testsuite></testsuites>