<?xml version="1.0" encoding="utf-8"?><testsuites name="pytest tests"><testsuite name="pytest" errors="0" failures="0" skipped="0" tests="51" time="1.339" timestamp="2026-07-20T17:29:00.810754+00:00" hostname="agent-env-cba431d2-474c-4b3c-8ad3-a929fb18ea97"><testcase classname="backend.tests.test_pid_urls.TestOldURLFragmentsAbsent" name="test_old_path_fragment_absent[/app/frontend/cr1/index.html]" time="0.001" /><testcase classname="backend.tests.test_pid_urls.TestOldURLFragmentsAbsent" name="test_old_path_fragment_absent[/app/frontend/cr2/index.html]" time="0.001" /><testcase classname="backend.tests.test_pid_urls.TestOldURLFragmentsAbsent" name="test_old_path_fragment_absent[/app/frontend/cr3/index.html]" time="0.001" /><testcase classname="backend.tests.test_pid_urls.TestOldURLFragmentsAbsent" name="test_old_path_fragment_absent[/app/frontend/index.html]" time="0.000" /><testcase classname="backend.tests.test_pid_urls.TestOldURLFragmentsAbsent" name="test_old_path_fragment_absent[/app/frontend/warranty/index.html]" time="0.000" /><testcase classname="backend.tests.test_pid_urls.TestOldURLFragmentsAbsent" name="test_old_path_fragment_absent[/app/frontend/find-a-dealer/index.html]" time="0.000" /><testcase classname="backend.tests.test_pid_urls.TestOldURLFragmentsAbsent" name="test_old_version_numbers_absent[1782931775-/app/frontend/cr1/index.html]" time="0.000" /><testcase classname="backend.tests.test_pid_urls.TestOldURLFragmentsAbsent" name="test_old_version_numbers_absent[1782931775-/app/frontend/cr2/index.html]" time="0.001" /><testcase classname="backend.tests.test_pid_urls.TestOldURLFragmentsAbsent" name="test_old_version_numbers_absent[1782931775-/app/frontend/cr3/index.html]" time="0.000" /><testcase classname="backend.tests.test_pid_urls.TestOldURLFragmentsAbsent" name="test_old_version_numbers_absent[1782931775-/app/frontend/index.html]" time="0.000" /><testcase classname="backend.tests.test_pid_urls.TestOldURLFragmentsAbsent" name="test_old_version_numbers_absent[1782931775-/app/frontend/warranty/index.html]" time="0.000" /><testcase classname="backend.tests.test_pid_urls.TestOldURLFragmentsAbsent" name="test_old_version_numbers_absent[1782931775-/app/frontend/find-a-dealer/index.html]" time="0.000" /><testcase classname="backend.tests.test_pid_urls.TestOldURLFragmentsAbsent" name="test_old_version_numbers_absent[1782931777-/app/frontend/cr1/index.html]" time="0.000" /><testcase classname="backend.tests.test_pid_urls.TestOldURLFragmentsAbsent" name="test_old_version_numbers_absent[1782931777-/app/frontend/cr2/index.html]" time="0.001" /><testcase classname="backend.tests.test_pid_urls.TestOldURLFragmentsAbsent" name="test_old_version_numbers_absent[1782931777-/app/frontend/cr3/index.html]" time="0.000" /><testcase classname="backend.tests.test_pid_urls.TestOldURLFragmentsAbsent" name="test_old_version_numbers_absent[1782931777-/app/frontend/index.html]" time="0.009" /><testcase classname="backend.tests.test_pid_urls.TestOldURLFragmentsAbsent" name="test_old_version_numbers_absent[1782931777-/app/frontend/warranty/index.html]" time="0.000" /><testcase classname="backend.tests.test_pid_urls.TestOldURLFragmentsAbsent" name="test_old_version_numbers_absent[1782931777-/app/frontend/find-a-dealer/index.html]" time="0.000" /><testcase classname="backend.tests.test_pid_urls.TestOldURLFragmentsAbsent" name="test_old_version_numbers_absent[1782931780-/app/frontend/cr1/index.html]" time="0.001" /><testcase classname="backend.tests.test_pid_urls.TestOldURLFragmentsAbsent" name="test_old_version_numbers_absent[1782931780-/app/frontend/cr2/index.html]" time="0.001" /><testcase classname="backend.tests.test_pid_urls.TestOldURLFragmentsAbsent" name="test_old_version_numbers_absent[1782931780-/app/frontend/cr3/index.html]" time="0.001" /><testcase classname="backend.tests.test_pid_urls.TestOldURLFragmentsAbsent" name="test_old_version_numbers_absent[1782931780-/app/frontend/index.html]" time="0.000" /><testcase classname="backend.tests.test_pid_urls.TestOldURLFragmentsAbsent" name="test_old_version_numbers_absent[1782931780-/app/frontend/warranty/index.html]" time="0.000" /><testcase classname="backend.tests.test_pid_urls.TestOldURLFragmentsAbsent" name="test_old_version_numbers_absent[1782931780-/app/frontend/find-a-dealer/index.html]" time="0.000" /><testcase classname="backend.tests.test_pid_urls.TestOldURLFragmentsAbsent" name="test_old_fragment_absent_repo_wide" time="0.042" /><testcase classname="backend.tests.test_pid_urls.TestNewURLsPresent" name="test_root_index_has_three_anchors_in_order" time="0.000" /><testcase classname="backend.tests.test_pid_urls.TestNewURLsPresent" name="test_prerendered_contains_all_three_urls[/app/frontend/cr1/index.html]" time="0.001" /><testcase classname="backend.tests.test_pid_urls.TestNewURLsPresent" name="test_prerendered_contains_all_three_urls[/app/frontend/cr2/index.html]" time="0.000" /><testcase classname="backend.tests.test_pid_urls.TestNewURLsPresent" name="test_prerendered_contains_all_three_urls[/app/frontend/cr3/index.html]" time="0.000" /><testcase classname="backend.tests.test_pid_urls.TestNewURLsPresent" name="test_prerendered_contains_all_three_urls[/app/frontend/index.html]" time="0.000" /><testcase classname="backend.tests.test_pid_urls.TestCloudinaryLive" name="test_url_returns_200[cr1-https://res.cloudinary.com/american-bath-group/image/upload/v1784556231/websites-product-info-and-content/california-cooperage/pid-sheets/california-cooperage-tech-datas-cr1.pdf]" time="0.113" /><testcase classname="backend.tests.test_pid_urls.TestCloudinaryLive" name="test_url_returns_200[cr2-https://res.cloudinary.com/american-bath-group/image/upload/v1784556219/websites-product-info-and-content/california-cooperage/pid-sheets/california-cooperage-tech-datas-cr2.pdf]" time="0.098" /><testcase classname="backend.tests.test_pid_urls.TestCloudinaryLive" name="test_url_returns_200[cr3-https://res.cloudinary.com/american-bath-group/image/upload/v1784556207/websites-product-info-and-content/california-cooperage/pid-sheets/california-cooperage-tech-datas-cr3.pdf]" time="0.082" /><testcase classname="backend.tests.test_pid_urls.TestRegression" name="test_offers_block_present[/app/frontend/cr1/index.html]" time="0.001" /><testcase classname="backend.tests.test_pid_urls.TestRegression" name="test_offers_block_present[/app/frontend/cr2/index.html]" time="0.000" /><testcase classname="backend.tests.test_pid_urls.TestRegression" name="test_offers_block_present[/app/frontend/cr3/index.html]" time="0.000" /><testcase classname="backend.tests.test_pid_urls.TestRegression" name="test_dimensions_inches_first[/app/frontend/cr1/index.html]" time="0.002" /><testcase classname="backend.tests.test_pid_urls.TestRegression" name="test_dimensions_inches_first[/app/frontend/cr2/index.html]" time="0.002" /><testcase classname="backend.tests.test_pid_urls.TestRegression" name="test_dimensions_inches_first[/app/frontend/cr3/index.html]" time="0.002" /><testcase classname="backend.tests.test_pid_urls.TestRegression" name="test_rotomold_faq_answer_unchanged[/app/frontend/cr1/index.html]" time="0.000" /><testcase classname="backend.tests.test_pid_urls.TestRegression" name="test_rotomold_faq_answer_unchanged[/app/frontend/cr2/index.html]" time="0.000" /><testcase classname="backend.tests.test_pid_urls.TestRegression" name="test_rotomold_faq_answer_unchanged[/app/frontend/cr3/index.html]" time="0.000" /><testcase classname="backend.tests.test_pid_urls.TestRegression" name="test_dual_voltage_heater_intact[/app/frontend/cr1/index.html]" time="0.000" /><testcase classname="backend.tests.test_pid_urls.TestRegression" name="test_dual_voltage_heater_intact[/app/frontend/cr2/index.html]" time="0.000" /><testcase classname="backend.tests.test_pid_urls.TestRegression" name="test_dual_voltage_heater_intact[/app/frontend/cr3/index.html]" time="0.000" /><testcase classname="backend.tests.test_pid_urls.TestRegression" name="test_redirects_has_20_rules" time="0.000" /><testcase classname="backend.tests.test_pid_urls.TestRegression" name="test_headers_has_15_blocks" time="0.000" /><testcase classname="backend.tests.test_pid_urls.TestRegression" name="test_sitemap_has_6_urls" time="0.000" /><testcase classname="backend.tests.test_pid_urls.TestPreviewLive" name="test_preview_route_serves_correct_pid_url[cr1-https://res.cloudinary.com/american-bath-group/image/upload/v1784556231/websites-product-info-and-content/california-cooperage/pid-sheets/california-cooperage-tech-datas-cr1.pdf]" time="0.405" /><testcase classname="backend.tests.test_pid_urls.TestPreviewLive" name="test_preview_route_serves_correct_pid_url[cr2-https://res.cloudinary.com/american-bath-group/image/upload/v1784556219/websites-product-info-and-content/california-cooperage/pid-sheets/california-cooperage-tech-datas-cr2.pdf]" time="0.177" /><testcase classname="backend.tests.test_pid_urls.TestPreviewLive" name="test_preview_route_serves_correct_pid_url[cr3-https://res.cloudinary.com/american-bath-group/image/upload/v1784556207/websites-product-info-and-content/california-cooperage/pid-sheets/california-cooperage-tech-datas-cr3.pdf]" time="0.173" /></testsuite></testsuites>