<?xml version="1.0" encoding="utf-8"?><testsuites name="pytest tests"><testsuite name="pytest" errors="0" failures="0" skipped="0" tests="39" time="1.160" timestamp="2026-07-10T15:25:13.911548+00:00" hostname="agent-env-cba431d2-474c-4b3c-8ad3-a929fb18ea97"><testcase classname="backend.tests.test_redirects_file" name="test_redirects_file_exists" time="0.048" /><testcase classname="backend.tests.test_redirects_file" name="test_redirects_has_20_rules" time="0.000" /><testcase classname="backend.tests.test_redirects_file" name="test_redirects_trailing_newline" time="0.000" /><testcase classname="backend.tests.test_redirects_file" name="test_each_line_has_three_fields_double_space_separated" time="0.000" /><testcase classname="backend.tests.test_redirects_file" name="test_first_ten_lines_are_301_force_redirects" time="0.000" /><testcase classname="backend.tests.test_redirects_file" name="test_301_rules_cover_all_uppercase_slugs" time="0.000" /><testcase classname="backend.tests.test_redirects_file" name="test_301_rules_target_lowercase" time="0.000" /><testcase classname="backend.tests.test_redirects_file" name="test_last_ten_lines_are_200_rewrites" time="0.000" /><testcase classname="backend.tests.test_redirects_file" name="test_200_rewrites_cover_all_lowercase_slugs" time="0.000" /><testcase classname="backend.tests.test_redirects_file" name="test_301_rules_appear_before_200_rules" time="0.000" /><testcase classname="backend.tests.test_redirects_file" name="test_prerendered_html_has_offers_block[cr1]" time="0.001" /><testcase classname="backend.tests.test_redirects_file" name="test_prerendered_html_has_offers_block[cr2]" time="0.001" /><testcase classname="backend.tests.test_redirects_file" name="test_prerendered_html_has_offers_block[cr3]" time="0.001" /><testcase classname="backend.tests.test_redirects_file" name="test_sitemap_still_has_6_urls" time="0.000" /><testcase classname="backend.tests.test_redirects_file" name="test_no_comment_or_blank_junk_lines" time="0.000" /><testcase classname="backend.tests.test_redirects_file" name="test_force_flag_only_on_301_rules" time="0.000" /><testcase classname="backend.tests.test_jsonld_offers" name="test_product_has_offers_block[/cr1]" time="0.473" /><testcase classname="backend.tests.test_jsonld_offers" name="test_product_has_offers_block[/cr2]" time="0.000" /><testcase classname="backend.tests.test_jsonld_offers" name="test_product_has_offers_block[/cr3]" time="0.000" /><testcase classname="backend.tests.test_jsonld_offers" name="test_offers_structure[/cr1]" time="0.000" /><testcase classname="backend.tests.test_jsonld_offers" name="test_offers_structure[/cr2]" time="0.000" /><testcase classname="backend.tests.test_jsonld_offers" name="test_offers_structure[/cr3]" time="0.000" /><testcase classname="backend.tests.test_jsonld_offers" name="test_offers_priceSpecification[/cr1]" time="0.000" /><testcase classname="backend.tests.test_jsonld_offers" name="test_offers_priceSpecification[/cr2]" time="0.000" /><testcase classname="backend.tests.test_jsonld_offers" name="test_offers_priceSpecification[/cr3]" time="0.000" /><testcase classname="backend.tests.test_jsonld_offers" name="test_offers_seller[/cr1]" time="0.000" /><testcase classname="backend.tests.test_jsonld_offers" name="test_offers_seller[/cr2]" time="0.000" /><testcase classname="backend.tests.test_jsonld_offers" name="test_offers_seller[/cr3]" time="0.000" /><testcase classname="backend.tests.test_jsonld_offers" name="test_all_jsonld_blocks_parse[/cr1]" time="0.000" /><testcase classname="backend.tests.test_jsonld_offers" name="test_all_jsonld_blocks_parse[/cr2]" time="0.000" /><testcase classname="backend.tests.test_jsonld_offers" name="test_all_jsonld_blocks_parse[/cr3]" time="0.000" /><testcase classname="backend.tests.test_jsonld_offers" name="test_other_schemas_present[/cr1]" time="0.000" /><testcase classname="backend.tests.test_jsonld_offers" name="test_other_schemas_present[/cr2]" time="0.000" /><testcase classname="backend.tests.test_jsonld_offers" name="test_other_schemas_present[/cr3]" time="0.000" /><testcase classname="backend.tests.test_jsonld_offers" name="test_no_product_schema_on_non_product[/]" time="0.051" /><testcase classname="backend.tests.test_jsonld_offers" name="test_no_product_schema_on_non_product[/warranty]" time="0.069" /><testcase classname="backend.tests.test_jsonld_offers" name="test_no_product_schema_on_non_product[/find-a-dealer]" time="0.060" /><testcase classname="backend.tests.test_jsonld_offers" name="test_sitemap_ok" time="0.052" /><testcase classname="backend.tests.test_jsonld_offers" name="test_uppercase_redirect" time="0.178" /></testsuite></testsuites>