<?xml version="1.0" encoding="utf-8"?><testsuites name="pytest tests"><testsuite name="pytest" errors="0" failures="0" skipped="0" tests="23" time="0.811" timestamp="2026-07-09T21:41:24.150091+00:00" hostname="agent-env-cba431d2-474c-4b3c-8ad3-a929fb18ea97"><testcase classname="backend.tests.test_jsonld_offers" name="test_product_has_offers_block[/cr1]" time="0.283" /><testcase classname="backend.tests.test_jsonld_offers" name="test_product_has_offers_block[/cr2]" time="0.001" /><testcase classname="backend.tests.test_jsonld_offers" name="test_product_has_offers_block[/cr3]" time="0.000" /><testcase classname="backend.tests.test_jsonld_offers" name="test_offers_structure[/cr1]" time="0.000" /><testcase classname="backend.tests.test_jsonld_offers" name="test_offers_structure[/cr2]" time="0.000" /><testcase classname="backend.tests.test_jsonld_offers" name="test_offers_structure[/cr3]" time="0.000" /><testcase classname="backend.tests.test_jsonld_offers" name="test_offers_priceSpecification[/cr1]" time="0.000" /><testcase classname="backend.tests.test_jsonld_offers" name="test_offers_priceSpecification[/cr2]" time="0.000" /><testcase classname="backend.tests.test_jsonld_offers" name="test_offers_priceSpecification[/cr3]" time="0.000" /><testcase classname="backend.tests.test_jsonld_offers" name="test_offers_seller[/cr1]" time="0.000" /><testcase classname="backend.tests.test_jsonld_offers" name="test_offers_seller[/cr2]" time="0.000" /><testcase classname="backend.tests.test_jsonld_offers" name="test_offers_seller[/cr3]" time="0.000" /><testcase classname="backend.tests.test_jsonld_offers" name="test_all_jsonld_blocks_parse[/cr1]" time="0.000" /><testcase classname="backend.tests.test_jsonld_offers" name="test_all_jsonld_blocks_parse[/cr2]" time="0.000" /><testcase classname="backend.tests.test_jsonld_offers" name="test_all_jsonld_blocks_parse[/cr3]" time="0.000" /><testcase classname="backend.tests.test_jsonld_offers" name="test_other_schemas_present[/cr1]" time="0.000" /><testcase classname="backend.tests.test_jsonld_offers" name="test_other_schemas_present[/cr2]" time="0.000" /><testcase classname="backend.tests.test_jsonld_offers" name="test_other_schemas_present[/cr3]" time="0.000" /><testcase classname="backend.tests.test_jsonld_offers" name="test_no_product_schema_on_non_product[/]" time="0.051" /><testcase classname="backend.tests.test_jsonld_offers" name="test_no_product_schema_on_non_product[/warranty]" time="0.052" /><testcase classname="backend.tests.test_jsonld_offers" name="test_no_product_schema_on_non_product[/find-a-dealer]" time="0.051" /><testcase classname="backend.tests.test_jsonld_offers" name="test_sitemap_ok" time="0.043" /><testcase classname="backend.tests.test_jsonld_offers" name="test_uppercase_redirect" time="0.132" /></testsuite></testsuites>