<?xml version="1.0" encoding="utf-8"?><testsuites name="pytest tests"><testsuite name="pytest" errors="0" failures="0" skipped="0" tests="84" time="0.404" timestamp="2026-07-21T15:29:44.357950+00:00" hostname="agent-env-cba431d2-474c-4b3c-8ad3-a929fb18ea97"><testcase classname="backend.tests.test_seo_markup_fixes.TestBingMeta" name="test_bing_meta_present_exactly_once[home-index.html-California's Original Hot Tub]" time="0.002" /><testcase classname="backend.tests.test_seo_markup_fixes.TestBingMeta" name="test_bing_meta_present_exactly_once[cr1-cr1/index.html-CR1]" time="0.000" /><testcase classname="backend.tests.test_seo_markup_fixes.TestBingMeta" name="test_bing_meta_present_exactly_once[cr2-cr2/index.html-CR2]" time="0.000" /><testcase classname="backend.tests.test_seo_markup_fixes.TestBingMeta" name="test_bing_meta_present_exactly_once[cr3-cr3/index.html-CR3]" time="0.000" /><testcase classname="backend.tests.test_seo_markup_fixes.TestBingMeta" name="test_bing_meta_present_exactly_once[warranty-warranty/index.html-Warranty &amp;amp; Documentation]" time="0.000" /><testcase classname="backend.tests.test_seo_markup_fixes.TestBingMeta" name="test_bing_meta_present_exactly_once[find-a-dealer-find-a-dealer/index.html-Find a Dealer Near You]" time="0.000" /><testcase classname="backend.tests.test_seo_markup_fixes.TestBingMeta" name="test_bing_meta_before_description[home-index.html-California's Original Hot Tub]" time="0.000" /><testcase classname="backend.tests.test_seo_markup_fixes.TestBingMeta" name="test_bing_meta_before_description[cr1-cr1/index.html-CR1]" time="0.000" /><testcase classname="backend.tests.test_seo_markup_fixes.TestBingMeta" name="test_bing_meta_before_description[cr2-cr2/index.html-CR2]" time="0.000" /><testcase classname="backend.tests.test_seo_markup_fixes.TestBingMeta" name="test_bing_meta_before_description[cr3-cr3/index.html-CR3]" time="0.000" /><testcase classname="backend.tests.test_seo_markup_fixes.TestBingMeta" name="test_bing_meta_before_description[warranty-warranty/index.html-Warranty &amp;amp; Documentation]" time="0.000" /><testcase classname="backend.tests.test_seo_markup_fixes.TestBingMeta" name="test_bing_meta_before_description[find-a-dealer-find-a-dealer/index.html-Find a Dealer Near You]" time="0.000" /><testcase classname="backend.tests.test_seo_markup_fixes.TestBingMeta" name="test_bing_meta_inside_head[home-index.html-California's Original Hot Tub]" time="0.001" /><testcase classname="backend.tests.test_seo_markup_fixes.TestBingMeta" name="test_bing_meta_inside_head[cr1-cr1/index.html-CR1]" time="0.001" /><testcase classname="backend.tests.test_seo_markup_fixes.TestBingMeta" name="test_bing_meta_inside_head[cr2-cr2/index.html-CR2]" time="0.001" /><testcase classname="backend.tests.test_seo_markup_fixes.TestBingMeta" name="test_bing_meta_inside_head[cr3-cr3/index.html-CR3]" time="0.001" /><testcase classname="backend.tests.test_seo_markup_fixes.TestBingMeta" name="test_bing_meta_inside_head[warranty-warranty/index.html-Warranty &amp;amp; Documentation]" time="0.001" /><testcase classname="backend.tests.test_seo_markup_fixes.TestBingMeta" name="test_bing_meta_inside_head[find-a-dealer-find-a-dealer/index.html-Find a Dealer Near You]" time="0.001" /><testcase classname="backend.tests.test_seo_markup_fixes.TestSingleH1" name="test_exactly_one_h1_opener[home-index.html-California's Original Hot Tub]" time="0.001" /><testcase classname="backend.tests.test_seo_markup_fixes.TestSingleH1" name="test_exactly_one_h1_opener[cr1-cr1/index.html-CR1]" time="0.000" /><testcase classname="backend.tests.test_seo_markup_fixes.TestSingleH1" name="test_exactly_one_h1_opener[cr2-cr2/index.html-CR2]" time="0.000" /><testcase classname="backend.tests.test_seo_markup_fixes.TestSingleH1" name="test_exactly_one_h1_opener[cr3-cr3/index.html-CR3]" time="0.000" /><testcase classname="backend.tests.test_seo_markup_fixes.TestSingleH1" name="test_exactly_one_h1_opener[warranty-warranty/index.html-Warranty &amp;amp; Documentation]" time="0.000" /><testcase classname="backend.tests.test_seo_markup_fixes.TestSingleH1" name="test_exactly_one_h1_opener[find-a-dealer-find-a-dealer/index.html-Find a Dealer Near You]" time="0.000" /><testcase classname="backend.tests.test_seo_markup_fixes.TestSingleH1" name="test_active_hero_is_h1[home-index.html-California's Original Hot Tub]" time="0.000" /><testcase classname="backend.tests.test_seo_markup_fixes.TestSingleH1" name="test_active_hero_is_h1[cr1-cr1/index.html-CR1]" time="0.000" /><testcase classname="backend.tests.test_seo_markup_fixes.TestSingleH1" name="test_active_hero_is_h1[cr2-cr2/index.html-CR2]" time="0.000" /><testcase classname="backend.tests.test_seo_markup_fixes.TestSingleH1" name="test_active_hero_is_h1[cr3-cr3/index.html-CR3]" time="0.000" /><testcase classname="backend.tests.test_seo_markup_fixes.TestSingleH1" name="test_active_hero_is_h1[warranty-warranty/index.html-Warranty &amp;amp; Documentation]" time="0.000" /><testcase classname="backend.tests.test_seo_markup_fixes.TestSingleH1" name="test_active_hero_is_h1[find-a-dealer-find-a-dealer/index.html-Find a Dealer Near You]" time="0.000" /><testcase classname="backend.tests.test_seo_markup_fixes.TestSingleH1" name="test_inactive_heroes_demoted_to_h2[home-index.html-California's Original Hot Tub]" time="0.001" /><testcase classname="backend.tests.test_seo_markup_fixes.TestSingleH1" name="test_inactive_heroes_demoted_to_h2[cr1-cr1/index.html-CR1]" time="0.001" /><testcase classname="backend.tests.test_seo_markup_fixes.TestSingleH1" name="test_inactive_heroes_demoted_to_h2[cr2-cr2/index.html-CR2]" time="0.001" /><testcase classname="backend.tests.test_seo_markup_fixes.TestSingleH1" name="test_inactive_heroes_demoted_to_h2[cr3-cr3/index.html-CR3]" time="0.001" /><testcase classname="backend.tests.test_seo_markup_fixes.TestSingleH1" name="test_inactive_heroes_demoted_to_h2[warranty-warranty/index.html-Warranty &amp;amp; Documentation]" time="0.001" /><testcase classname="backend.tests.test_seo_markup_fixes.TestSingleH1" name="test_inactive_heroes_demoted_to_h2[find-a-dealer-find-a-dealer/index.html-Find a Dealer Near You]" time="0.001" /><testcase classname="backend.tests.test_seo_markup_fixes.TestDescriptiveAnchors" name="test_no_learn_more_text[home-index.html-California's Original Hot Tub]" time="0.000" /><testcase classname="backend.tests.test_seo_markup_fixes.TestDescriptiveAnchors" name="test_no_learn_more_text[cr1-cr1/index.html-CR1]" time="0.000" /><testcase classname="backend.tests.test_seo_markup_fixes.TestDescriptiveAnchors" name="test_no_learn_more_text[cr2-cr2/index.html-CR2]" time="0.000" /><testcase classname="backend.tests.test_seo_markup_fixes.TestDescriptiveAnchors" name="test_no_learn_more_text[cr3-cr3/index.html-CR3]" time="0.000" /><testcase classname="backend.tests.test_seo_markup_fixes.TestDescriptiveAnchors" name="test_no_learn_more_text[warranty-warranty/index.html-Warranty &amp;amp; Documentation]" time="0.000" /><testcase classname="backend.tests.test_seo_markup_fixes.TestDescriptiveAnchors" name="test_no_learn_more_text[find-a-dealer-find-a-dealer/index.html-Find a Dealer Near You]" time="0.000" /><testcase classname="backend.tests.test_seo_markup_fixes.TestDescriptiveAnchors" name="test_descriptive_anchor_present[cr1-Explore the CR1 5-person rectangular hot tub \u2192-home-index.html-California's Original Hot Tub]" time="0.001" /><testcase classname="backend.tests.test_seo_markup_fixes.TestDescriptiveAnchors" name="test_descriptive_anchor_present[cr1-Explore the CR1 5-person rectangular hot tub \u2192-cr1-cr1/index.html-CR1]" time="0.000" /><testcase classname="backend.tests.test_seo_markup_fixes.TestDescriptiveAnchors" name="test_descriptive_anchor_present[cr1-Explore the CR1 5-person rectangular hot tub \u2192-cr2-cr2/index.html-CR2]" time="0.000" /><testcase classname="backend.tests.test_seo_markup_fixes.TestDescriptiveAnchors" name="test_descriptive_anchor_present[cr1-Explore the CR1 5-person rectangular hot tub \u2192-cr3-cr3/index.html-CR3]" time="0.000" /><testcase classname="backend.tests.test_seo_markup_fixes.TestDescriptiveAnchors" name="test_descriptive_anchor_present[cr1-Explore the CR1 5-person rectangular hot tub \u2192-warranty-warranty/index.html-Warranty &amp;amp; Documentation]" time="0.000" /><testcase classname="backend.tests.test_seo_markup_fixes.TestDescriptiveAnchors" name="test_descriptive_anchor_present[cr1-Explore the CR1 5-person rectangular hot tub \u2192-find-a-dealer-find-a-dealer/index.html-Find a Dealer Near You]" time="0.000" /><testcase classname="backend.tests.test_seo_markup_fixes.TestDescriptiveAnchors" name="test_descriptive_anchor_present[cr2-Explore the CR2 7-person flagship square hot tub \u2192-home-index.html-California's Original Hot Tub]" time="0.001" /><testcase classname="backend.tests.test_seo_markup_fixes.TestDescriptiveAnchors" name="test_descriptive_anchor_present[cr2-Explore the CR2 7-person flagship square hot tub \u2192-cr1-cr1/index.html-CR1]" time="0.000" /><testcase classname="backend.tests.test_seo_markup_fixes.TestDescriptiveAnchors" name="test_descriptive_anchor_present[cr2-Explore the CR2 7-person flagship square hot tub \u2192-cr2-cr2/index.html-CR2]" time="0.000" /><testcase classname="backend.tests.test_seo_markup_fixes.TestDescriptiveAnchors" name="test_descriptive_anchor_present[cr2-Explore the CR2 7-person flagship square hot tub \u2192-cr3-cr3/index.html-CR3]" time="0.000" /><testcase classname="backend.tests.test_seo_markup_fixes.TestDescriptiveAnchors" name="test_descriptive_anchor_present[cr2-Explore the CR2 7-person flagship square hot tub \u2192-warranty-warranty/index.html-Warranty &amp;amp; Documentation]" time="0.000" /><testcase classname="backend.tests.test_seo_markup_fixes.TestDescriptiveAnchors" name="test_descriptive_anchor_present[cr2-Explore the CR2 7-person flagship square hot tub \u2192-find-a-dealer-find-a-dealer/index.html-Find a Dealer Near You]" time="0.000" /><testcase classname="backend.tests.test_seo_markup_fixes.TestDescriptiveAnchors" name="test_descriptive_anchor_present[cr3-Explore the CR3 6-person round hot tub \u2192-home-index.html-California's Original Hot Tub]" time="0.001" /><testcase classname="backend.tests.test_seo_markup_fixes.TestDescriptiveAnchors" name="test_descriptive_anchor_present[cr3-Explore the CR3 6-person round hot tub \u2192-cr1-cr1/index.html-CR1]" time="0.000" /><testcase classname="backend.tests.test_seo_markup_fixes.TestDescriptiveAnchors" name="test_descriptive_anchor_present[cr3-Explore the CR3 6-person round hot tub \u2192-cr2-cr2/index.html-CR2]" time="0.000" /><testcase classname="backend.tests.test_seo_markup_fixes.TestDescriptiveAnchors" name="test_descriptive_anchor_present[cr3-Explore the CR3 6-person round hot tub \u2192-cr3-cr3/index.html-CR3]" time="0.000" /><testcase classname="backend.tests.test_seo_markup_fixes.TestDescriptiveAnchors" name="test_descriptive_anchor_present[cr3-Explore the CR3 6-person round hot tub \u2192-warranty-warranty/index.html-Warranty &amp;amp; Documentation]" time="0.000" /><testcase classname="backend.tests.test_seo_markup_fixes.TestDescriptiveAnchors" name="test_descriptive_anchor_present[cr3-Explore the CR3 6-person round hot tub \u2192-find-a-dealer-find-a-dealer/index.html-Find a Dealer Near You]" time="0.000" /><testcase classname="backend.tests.test_seo_markup_fixes.TestRegressionPIDUrls" name="test_new_pid_version_present[cr1/index.html-v1784556231]" time="0.000" /><testcase classname="backend.tests.test_seo_markup_fixes.TestRegressionPIDUrls" name="test_new_pid_version_present[cr2/index.html-v1784556219]" time="0.000" /><testcase classname="backend.tests.test_seo_markup_fixes.TestRegressionPIDUrls" name="test_new_pid_version_present[cr3/index.html-v1784556207]" time="0.000" /><testcase classname="backend.tests.test_seo_markup_fixes.TestRegressionPIDUrls" name="test_old_pid_versions_absent[cr1/index.html-v1784556231]" time="0.001" /><testcase classname="backend.tests.test_seo_markup_fixes.TestRegressionPIDUrls" name="test_old_pid_versions_absent[cr2/index.html-v1784556219]" time="0.001" /><testcase classname="backend.tests.test_seo_markup_fixes.TestRegressionPIDUrls" name="test_old_pid_versions_absent[cr3/index.html-v1784556207]" time="0.001" /><testcase classname="backend.tests.test_seo_markup_fixes.TestRegressionJsonLd" name="test_offers_block_present_once[cr1]" time="0.000" /><testcase classname="backend.tests.test_seo_markup_fixes.TestRegressionJsonLd" name="test_offers_block_present_once[cr2]" time="0.000" /><testcase classname="backend.tests.test_seo_markup_fixes.TestRegressionJsonLd" name="test_offers_block_present_once[cr3]" time="0.000" /><testcase classname="backend.tests.test_seo_markup_fixes.TestRegressionJsonLd" name="test_jsonld_blocks_parseable[cr1]" time="0.001" /><testcase classname="backend.tests.test_seo_markup_fixes.TestRegressionJsonLd" name="test_jsonld_blocks_parseable[cr2]" time="0.000" /><testcase classname="backend.tests.test_seo_markup_fixes.TestRegressionJsonLd" name="test_jsonld_blocks_parseable[cr3]" time="0.000" /><testcase classname="backend.tests.test_seo_markup_fixes.TestRegressionContent" name="test_cr1_dimensions" time="0.000" /><testcase classname="backend.tests.test_seo_markup_fixes.TestRegressionContent" name="test_cr3_dimensions" time="0.000" /><testcase classname="backend.tests.test_seo_markup_fixes.TestRegressionContent" name="test_rotomold_faq_answer" time="0.000" /><testcase classname="backend.tests.test_seo_markup_fixes.TestRegressionContent" name="test_heater_strings[cr1]" time="0.000" /><testcase classname="backend.tests.test_seo_markup_fixes.TestRegressionContent" name="test_heater_strings[cr2]" time="0.000" /><testcase classname="backend.tests.test_seo_markup_fixes.TestRegressionContent" name="test_heater_strings[cr3]" time="0.000" /><testcase classname="backend.tests.test_seo_markup_fixes.TestRegressionContent" name="test_feature_subcopy_css" time="0.000" /><testcase classname="backend.tests.test_seo_markup_fixes.TestRegressionAncillary" name="test_redirects_20_rules" time="0.000" /><testcase classname="backend.tests.test_seo_markup_fixes.TestRegressionAncillary" name="test_headers_15_blocks" time="0.000" /><testcase classname="backend.tests.test_seo_markup_fixes.TestRegressionAncillary" name="test_sitemap_six_urls" time="0.000" /><testcase classname="backend.tests.test_seo_markup_fixes.TestLivePreview" name="test_preview_cr1" time="0.202" /><testcase classname="backend.tests.test_seo_markup_fixes.TestLivePreview" name="test_preview_home_has_descriptive_anchors" time="0.128" /></testsuite></testsuites>